2021-05-23 15:43:10,532 INFO     test_ai_mod.carbon_controllers.crawls -- Logging crawl output to /Users/bot/test_ai/apps/29859d56-e89b-4fcb-996f-a105a2ff1d44/builds/c06c2d60-ac4b-4c6d-8626-dc7c6a1d6939/logs/crawl-20210523214310.log
2021-05-23 15:43:10,535 INFO     test_ai_mod.carbon_tasks.crawl_build_task -- crawling build, app_id: 29859d56-e89b-4fcb-996f-a105a2ff1d44, build_id: c06c2d60-ac4b-4c6d-8626-dc7c6a1d6939
2021-05-23 15:43:10,536 INFO     test_ai_mod.carbon_tasks.crawl_build_task -- num_steps (when no test): 25
2021-05-23 15:43:10,537 INFO     test_ai_mod.carbon_tasks.crawl_build_task -- max_steps: 150
2021-05-23 15:43:10,537 INFO     test_ai_mod.carbon_tasks.crawl_build_task -- max_iterations: 1
2021-05-23 15:43:10,538 INFO     test_ai_mod.carbon_tasks.crawl_build_task -- rand_seed: 1621806134
2021-05-23 15:43:10,538 INFO     test_ai_mod.carbon_tasks.crawl_build_task -- test_wildcard: *
2021-05-23 15:43:10,538 INFO     test_ai_mod.carbon_tasks.crawl_build_task -- package: None
2021-05-23 15:43:10,539 INFO     test_ai_mod.carbon_tasks.crawl_build_task -- eyes_api_key: None
2021-05-23 15:43:10,539 INFO     test_ai_mod.carbon_tasks.crawl_build_task -- is_noop: False
2021-05-23 15:43:10,542 INFO     test_ai_mod.carbon_tasks.crawl_build_task -- created crawl, id: 20210523154310
2021-05-23 15:43:10,543 INFO     test_ai_mod.carbon_dao.local_carbon_dao -- Getting build info: APP_ID: 29859d56-e89b-4fcb-996f-a105a2ff1d44, BUILD_ID: c06c2d60-ac4b-4c6d-8626-dc7c6a1d6939
2021-05-23 15:43:10,545 INFO     test_ai_mod.carbon_dao.local_carbon_dao -- Getting build info: APP_ID: 29859d56-e89b-4fcb-996f-a105a2ff1d44, BUILD_ID: c06c2d60-ac4b-4c6d-8626-dc7c6a1d6939
2021-05-23 15:43:10,657 INFO     werkzeug -- 127.0.0.1 - - [23/May/2021 15:43:10] "[36mGET /images/vapor/web-automation.gif HTTP/1.1[0m" 304 -
2021-05-23 15:43:10,658 INFO     werkzeug -- 127.0.0.1 - - [23/May/2021 15:43:10] "[36mGET /images/vapor/icon-copy.svg HTTP/1.1[0m" 304 -
2021-05-23 15:43:10,658 INFO     werkzeug -- 127.0.0.1 - - [23/May/2021 15:43:10] "[36mGET /images/vapor/composing.png HTTP/1.1[0m" 304 -
2021-05-23 15:43:10,661 INFO     werkzeug -- 127.0.0.1 - - [23/May/2021 15:43:10] "[37mGET /favicon.ico HTTP/1.1[0m" 200 -
2021-05-23 15:43:10,663 INFO     werkzeug -- 127.0.0.1 - - [23/May/2021 15:43:10] "[36mGET /images/vapor/icon-bot-face.svg HTTP/1.1[0m" 304 -
2021-05-23 15:43:10,663 INFO     werkzeug -- 127.0.0.1 - - [23/May/2021 15:43:10] "[36mGET /images/vapor/icon-filter.svg HTTP/1.1[0m" 304 -
2021-05-23 15:43:10,889 INFO     test_ai_mod.carbon_explore.explore -- using default extra walk count: 0
2021-05-23 15:43:10,893 INFO     test_ai_mod.carbon_tasks.crawl_build_task -- initiating walk [1/1]
2021-05-23 15:43:10,894 INFO     test_ai_mod.carbon_test_case.carbon_tests -- initial number of steps for walk: 25
2021-05-23 15:43:10,894 INFO     test_ai_mod.carbon_tasks.crawl_build_task -- effective_max_steps this walk: 26
2021-05-23 15:43:10,895 INFO     test_ai_mod.carbon_explore.explore -- **************************************************
2021-05-23 15:43:10,895 INFO     test_ai_mod.carbon_explore.explore -- **************************************************
2021-05-23 15:43:10,895 INFO     test_ai_mod.carbon_explore.explore -- *                                                *
2021-05-23 15:43:10,895 INFO     test_ai_mod.carbon_explore.explore -- *                   BRAIN                    *
2021-05-23 15:43:10,895 INFO     test_ai_mod.carbon_explore.explore -- *                                                *
2021-05-23 15:43:10,895 INFO     test_ai_mod.carbon_explore.explore -- **************************************************
2021-05-23 15:43:10,896 INFO     test_ai_mod.carbon_explore.explore -- **************************************************
2021-05-23 15:43:10,896 INFO     test_ai_mod.carbon_initialization.initialization -- Random seed: 1621806134
2021-05-23 15:43:10,897 INFO     test_ai_mod.carbon_initialization.initialization -- ````````````````````````````````````````````````````````````````````````````````
2021-05-23 15:43:10,897 INFO     test_ai_mod.carbon_initialization.initialization --                   PACKAGE: 29859d56-e89b-4fcb-996f-a105a2ff1d44
2021-05-23 15:43:10,897 INFO     test_ai_mod.carbon_initialization.initialization -- ````````````````````````````````````````````````````````````````````````````````
2021-05-23 15:43:10,897 INFO     test_ai_mod.carbon_initialization.initialization -- platform: DESKTOP_CHROME
2021-05-23 15:43:10,898 INFO     test_ai_mod.carbon_initialization.initialization -- using crawl_directory: /Users/bot/test_ai/apps/29859d56-e89b-4fcb-996f-a105a2ff1d44/builds/c06c2d60-ac4b-4c6d-8626-dc7c6a1d6939/crawls/20210523154310
2021-05-23 15:43:10,898 INFO     test_ai_mod.carbon_botio.bot_io -- retrieving bot IO for app: 29859d56-e89b-4fcb-996f-a105a2ff1d44
2021-05-23 15:43:10,898 INFO     test_ai_mod.carbon_botio.bot_io -- ^^^^^^^^^^^^^^^^^^^^^^^^^^^^^^^^^^^^^^^^^^^^^^^^^^^^^^^^^^^^^^^^^^^^^^^^^^^^^^^^
2021-05-23 15:43:10,898 INFO     test_ai_mod.carbon_botio.bot_io -- botio_filepath: /Users/bot/test_ai/apps/29859d56-e89b-4fcb-996f-a105a2ff1d44/lkg/botio.json
2021-05-23 15:43:10,898 INFO     test_ai_mod.carbon_botio.bot_io -- use_snapshot: False
2021-05-23 15:43:10,898 INFO     test_ai_mod.carbon_botio.bot_io -- no botIO found for app: 29859d56-e89b-4fcb-996f-a105a2ff1d44
2021-05-23 15:43:10,901 INFO     test_ai_mod.carbon_dao.carbon_data -- loading models from LKG dir
2021-05-23 15:43:10,901 INFO     test_ai_mod.carbon_dao.carbon_data -- loading models from LKG dir
2021-05-23 15:43:10,902 INFO     test_ai_mod.carbon_explore.test_hooks -- Test case is None, no need for on_setup.
2021-05-23 15:43:10,903 INFO     test_ai_mod.carbon_utils.simulator_tools -- preparing clean iteration state...
2021-05-23 15:43:10,903 INFO     test_ai_mod.carbon_utils.simulator_tools -- starting appium, platform: DESKTOP_CHROME
2021-05-23 15:43:10,904 INFO     test_ai_mod.carbon_utils.simulator_tools -- starting appium/webdriver for desktop chrome
2021-05-23 15:43:10,905 INFO     test_ai_mod.carbon_automation.automator -- Creating Automator Singleton
2021-05-23 15:43:10,905 INFO     test_ai_mod.carbon_automation.automator -- Using automator over http as execution platform
2021-05-23 15:43:10,908 INFO     werkzeug -- 127.0.0.1 - - [23/May/2021 15:43:10] "[37mGET /api/v1/config/widgets HTTP/1.1[0m" 200 -
2021-05-23 15:43:10,942 INFO     test_ai_mod.carbon_dao.local_carbon_dao -- Getting build info: APP_ID: 29859d56-e89b-4fcb-996f-a105a2ff1d44, BUILD_ID: c06c2d60-ac4b-4c6d-8626-dc7c6a1d6939
2021-05-23 15:43:10,942 INFO     werkzeug -- 127.0.0.1 - - [23/May/2021 15:43:10] "[37mGET /api/v1/c/testai/apps/web/29859d56-e89b-4fcb-996f-a105a2ff1d44/tests HTTP/1.1[0m" 200 -
2021-05-23 15:43:10,989 INFO     werkzeug -- 127.0.0.1 - - [23/May/2021 15:43:10] "[37mGET /api/v2/status HTTP/1.1[0m" 200 -
2021-05-23 15:43:13,972 INFO     test_ai_mod.carbon_automation.driver -- Screen density: 2.0
2021-05-23 15:43:14,417 INFO     test_ai_mod.carbon_utils.simulator_tools -- going to https://www.equinox.com
2021-05-23 15:43:18,413 INFO     werkzeug -- 127.0.0.1 - - [23/May/2021 15:43:18] "[37mGET /api/v2/status HTTP/1.1[0m" 200 -
2021-05-23 15:43:21,298 INFO     test_ai_mod.carbon_utils.simulator_tools -- completed setting url, additional time: 6.881563
2021-05-23 15:43:26,245 INFO     test_ai_mod.carbon_initialization.initialization -- starting dom stability
2021-05-23 15:43:26,280 INFO     test_ai_mod.carbon_actions.carbon_actions -- Got new page source
2021-05-23 15:43:26,452 INFO     test_ai_mod.carbon_actions.carbon_actions -- Got new page source
2021-05-23 15:43:26,620 INFO     test_ai_mod.carbon_actions.carbon_actions -- Got new page source
2021-05-23 15:43:26,816 INFO     test_ai_mod.carbon_actions.carbon_actions -- Got new page source
2021-05-23 15:43:27,003 INFO     test_ai_mod.carbon_actions.carbon_actions -- Got new page source
2021-05-23 15:43:27,006 INFO     test_ai_mod.carbon_actions.carbon_actions -- Seen the same screen the max amount (5)
2021-05-23 15:43:27,007 INFO     test_ai_mod.carbon_actions.carbon_actions -- incrementing source count to: 1
2021-05-23 15:43:27,007 INFO     test_ai_mod.carbon_explore.explore_utils -- saving screenshot
2021-05-23 15:43:29,217 INFO     test_ai_mod.carbon_explore.explore_utils -- scn_shot_file_path: /Users/bot/test_ai/apps/29859d56-e89b-4fcb-996f-a105a2ff1d44/builds/c06c2d60-ac4b-4c6d-8626-dc7c6a1d6939/crawls/20210523154310/tmp/runtime_labeling_screen.png
2021-05-23 15:43:29,259 INFO     test_ai_mod.carbon_initialization.initialization -- current package sent in as: 29859d56-e89b-4fcb-996f-a105a2ff1d44
2021-05-23 15:43:29,260 INFO     test_ai_mod.carbon_initialization.initialization -- ended dom stability
2021-05-23 15:43:29,262 INFO     test_ai_mod.carbon_explore.explore -- package is set to: 29859d56-e89b-4fcb-996f-a105a2ff1d44
2021-05-23 15:43:29,262 INFO     test_ai_mod.carbon_explore.explore -- ********************************************************************************
2021-05-23 15:43:29,262 INFO     test_ai_mod.carbon_explore.explore -- * TIMEOUT: None
2021-05-23 15:43:29,262 INFO     test_ai_mod.carbon_explore.explore -- * disable_bounceback: False
2021-05-23 15:43:29,262 INFO     test_ai_mod.carbon_explore.explore -- ********************************************************************************
2021-05-23 15:43:29,263 INFO     test_ai_mod.carbon_explore.explore -- getting walk queue
2021-05-23 15:43:29,263 INFO     test_ai_mod.carbon_explore.explore_utils -- getting screen_elems
2021-05-23 15:43:30,129 INFO     test_ai_mod.carbon_utils.scrape_utils -- Successfully collected web scrape.
2021-05-23 15:43:30,136 INFO     test_ai_mod.carbon_explore.explore_utils -- filtering elems - 58
2021-05-23 15:43:30,233 INFO     test_ai_mod.carbon_explore.explore_utils -- saving info - 54
2021-05-23 15:43:30,234 INFO     test_ai_mod.carbon_explore.explore_utils -- saving core elems iter: 0, step 0, save_dir: /Users/bot/test_ai/apps/29859d56-e89b-4fcb-996f-a105a2ff1d44/builds/c06c2d60-ac4b-4c6d-8626-dc7c6a1d6939/crawls/20210523154310
2021-05-23 15:43:30,250 INFO     test_ai_mod.carbon_explore.explore -- got all screen info saved
2021-05-23 15:43:30,251 INFO     test_ai_mod.carbon_explore.explore_utils -- saving core elems iter: 0, step 0, save_dir: /Users/bot/test_ai/apps/29859d56-e89b-4fcb-996f-a105a2ff1d44/builds/c06c2d60-ac4b-4c6d-8626-dc7c6a1d6939/crawls/20210523154310
2021-05-23 15:43:30,277 INFO     test_ai_mod.carbon_explore.result_storage -- LOG FILE PATH: /Users/bot/test_ai/apps/29859d56-e89b-4fcb-996f-a105a2ff1d44/builds/c06c2d60-ac4b-4c6d-8626-dc7c6a1d6939/crawls/20210523154310/iter_00000_step_00000_logs.txt
2021-05-23 15:43:30,277 INFO     test_ai_mod.carbon_explore.result_storage -- ALL LOGS FILE PATH: /Users/bot/test_ai/apps/29859d56-e89b-4fcb-996f-a105a2ff1d44/builds/c06c2d60-ac4b-4c6d-8626-dc7c6a1d6939/crawls/20210523154310/iter_00000_step_-0001_logs.txt
2021-05-23 15:43:30,291 INFO     test_ai_mod.carbon_explore.interactive -- Interactive explore -- start_interactive_loop starting.
2021-05-23 15:43:30,298 INFO     test_ai_mod.carbon_explore.interactive -- Interactive explore -- running initial auto label
2021-05-23 15:43:30,299 INFO     test_ai_mod.carbon_tasks.process_crawl_task -- processing crawl: 20210523154310 (app: 29859d56-e89b-4fcb-996f-a105a2ff1d44, build: c06c2d60-ac4b-4c6d-8626-dc7c6a1d6939)
2021-05-23 15:43:30,299 INFO     test_ai_mod.carbon_tasks.process_crawl_task -- processing screens for crawl
2021-05-23 15:43:30,565 INFO     test_ai_mod.carbon_tasks.process_crawl_task -- writing unique screens file
2021-05-23 15:43:30,566 INFO     test_ai_mod.carbon_tasks.process_crawl_task -- writing screen hash map
2021-05-23 15:43:30,568 INFO     test_ai_mod.carbon_tasks.process_crawl_task -- writing screen similarity file
2021-05-23 15:43:30,568 INFO     test_ai_mod.carbon_tasks.process_crawl_task -- processing elements for crawl
2021-05-23 15:43:30,571 INFO     test_ai_mod.carbon_tasks.process_crawl_task -- processing: iter_00000_step_00000_info.json
2021-05-23 15:43:31,021 INFO     test_ai_mod.carbon_tasks.process_crawl_task -- Writing unique tags file.
2021-05-23 15:43:31,021 INFO     test_ai_mod.carbon_tasks.process_crawl_task -- writing unique elems file
2021-05-23 15:43:31,021 INFO     test_ai_mod.carbon_tasks.process_crawl_task -- writing elem hash map
2021-05-23 15:43:31,026 INFO     test_ai_mod.carbon_tasks.process_crawl_task -- writing elem similarity file
2021-05-23 15:43:31,027 INFO     test_ai_mod.carbon_tasks.process_crawl_task -- generating labeler objects file for crawl (v0)
2021-05-23 15:43:31,035 INFO     test_ai_mod.carbon_tasks.process_crawl_task -- reconciling screens labeled at runtime
2021-05-23 15:43:31,035 INFO     test_ai_mod.carbon_tasks.process_crawl_task -- reconciling elements labeled at runtime
2021-05-23 15:43:31,039 INFO     test_ai_mod.carbon_tasks.generate_auto_labels_task -- generating auto labels for crawl: 20210523154310, app_id: 29859d56-e89b-4fcb-996f-a105a2ff1d44, build_id: c06c2d60-ac4b-4c6d-8626-dc7c6a1d6939
2021-05-23 15:43:31,040 INFO     test_ai_mod.carbon_dao.local_carbon_dao -- Getting build info: APP_ID: 29859d56-e89b-4fcb-996f-a105a2ff1d44, BUILD_ID: c06c2d60-ac4b-4c6d-8626-dc7c6a1d6939
2021-05-23 15:43:31,042 INFO     test_ai_mod.carbon_dao.local_carbon_dao -- Getting build info: APP_ID: 29859d56-e89b-4fcb-996f-a105a2ff1d44, BUILD_ID: c06c2d60-ac4b-4c6d-8626-dc7c6a1d6939
2021-05-23 15:43:31,042 INFO     test_ai_mod.carbon_tasks.generate_auto_labels_task -- getting data for crawl: 20210523154310
2021-05-23 15:43:31,043 INFO     test_ai_mod.carbon_tasks.generate_auto_labels_task -- processing crawl: 20210523154310
2021-05-23 15:43:31,057 INFO     test_ai_mod.carbon_tasks.generate_auto_labels_task -- writing merged, suggested labels for crawl: 20210523154310
2021-05-23 15:43:31,060 INFO     test_ai_mod.carbon_tasks.generate_auto_labels_task -- writing applied hashes to labels to file: /Users/bot/test_ai/apps/29859d56-e89b-4fcb-996f-a105a2ff1d44/lkg/hashes_to_labels.json
2021-05-23 15:43:31,060 INFO     test_ai_mod.carbon_tasks.generate_auto_labels_task -- writing applied human readable to labels to file: /Users/bot/test_ai/apps/29859d56-e89b-4fcb-996f-a105a2ff1d44/lkg/human_readable_to_labels.json
2021-05-23 15:43:31,060 INFO     test_ai_mod.carbon_tasks.generate_auto_labels_task -- writing label to hash dicts to file: /Users/bot/test_ai/apps/29859d56-e89b-4fcb-996f-a105a2ff1d44/lkg/label_to_hash_dicts.json
2021-05-23 15:43:31,060 INFO     test_ai_mod.carbon_tasks.generate_auto_labels_task -- writing human readable to paths to file: /Users/bot/test_ai/apps/29859d56-e89b-4fcb-996f-a105a2ff1d44/lkg/human_readable_to_paths.json
2021-05-23 15:43:31,061 INFO     test_ai_mod.carbon_classifiers.label_classifier_pipe -- Begin loading configured modules
2021-05-23 15:43:31,061 INFO     test_ai_mod.carbon_classifiers.carbon_classifier_v1.screen_classifier -- Loading ScreenClassifier
2021-05-23 15:43:31,061 INFO     test_ai_mod.carbon_classifiers.template_matching.app_specific_template_matcher -- Loading AppSpecificTemplateMatcher
2021-05-23 15:43:31,061 INFO     test_ai_mod.carbon_classifiers.perceptual.nn_classifier -- Loading NNClassifier
2021-05-23 15:43:31,061 INFO     test_ai_mod.carbon_classifiers.template_matching.template_matching_classifier -- Loading TemplateMatchingClassifier
2021-05-23 15:43:31,062 WARNING  test_ai_mod.carbon_classifiers.template_matching.template_matching_classifier -- No template director exists at /Users/bot/test_ai/templates
2021-05-23 15:43:31,062 INFO     test_ai_mod.carbon_classifiers.general_classifier_v1.general_classifier -- Initializing general classifiers
2021-05-23 15:43:31,062 INFO     test_ai_mod.carbon_classifiers.general_classifier_v1.general_classifier -- loading classifier data: SCREENS, from path: /Applications/test_ai.app/Contents/MacOS/SCREENS
2021-05-23 15:43:31,062 ERROR    test_ai_mod.carbon_classifiers.general_classifier_v1.general_classifier -- Failed to load general classifier data: SCREENS
2021-05-23 15:43:31,062 INFO     test_ai_mod.carbon_classifiers.http_classifier.http_classifier -- Loaded Http Classifier for ""
2021-05-23 15:43:31,063 INFO     test_ai_mod.carbon_tasks.generate_auto_labels_task -- classifying 1 unique screens
2021-05-23 15:43:31,063 INFO     test_ai_mod.carbon_dao.carbon_data -- loading models from LKG dir
2021-05-23 15:43:31,063 INFO     test_ai_mod.carbon_dao.carbon_data -- loading models from LKG dir
2021-05-23 15:43:31,077 INFO     test_ai_mod.carbon_classifiers.label_classifier_pipe -- Begin labeling elements
2021-05-23 15:43:31,092 INFO     test_ai_mod.carbon_classifiers.template_matching.app_specific_template_matcher -- Classifying screen with AppSpecificTemplateMatcher
2021-05-23 15:43:31,093 INFO     test_ai_mod.carbon_classifiers.perceptual.nn_classifier -- Classifying screen with NNClassifier
2021-05-23 15:43:31,179 INFO     test_ai_mod.carbon_classifiers.label_classifier_pipe -- End labeling elements: Time taken 0.102063894272 seconds
2021-05-23 15:43:31,181 INFO     test_ai_mod.carbon_tasks.generate_auto_labels_task -- classifying 54 unique elems
2021-05-23 15:43:31,184 INFO     test_ai_mod.carbon_dao.carbon_data -- loading models from LKG dir
2021-05-23 15:43:31,184 INFO     test_ai_mod.carbon_dao.carbon_data -- loading models from LKG dir
2021-05-23 15:43:31,184 INFO     test_ai_mod.carbon_classifiers.label_classifier_pipe -- Begin labeling elements
2021-05-23 15:43:31,200 INFO     test_ai_mod.carbon_classifiers.template_matching.app_specific_template_matcher -- Classifying screen with AppSpecificTemplateMatcher
2021-05-23 15:43:31,200 INFO     test_ai_mod.carbon_classifiers.perceptual.nn_classifier -- Classifying screen with NNClassifier
2021-05-23 15:43:31,350 INFO     test_ai_mod.carbon_classifiers.label_classifier_pipe -- End labeling elements: Time taken 0.165028095245 seconds
2021-05-23 15:43:31,350 INFO     test_ai_mod.carbon_tasks.generate_auto_labels_task -- writing merged, suggested labels for crawl: 20210523154310
2021-05-23 15:43:31,351 INFO     test_ai_mod.carbon_explore.interactive -- 


[32;1mCarbon Interactive Crawling Session Starting...
Please make sure you are running the test.ai GUI (./test.ai -d).
Once the GUI is running, please visit [34mhttp://localhost:5000[32;1m.
To access the interactive session, select the correct app, and click on "Live Labeling".

[0m
2021-05-23 15:43:33,396 INFO     test_ai_mod.carbon_explore.interactive -- Interactive explore -- status -- start
2021-05-23 15:43:33,397 INFO     test_ai_mod.carbon_explore.interactive -- Interactive explore -- status -- end
2021-05-23 15:43:33,410 INFO     test_ai_mod.carbon_explore.interactive -- Interactive explore -- get_crawls(web, 29859d56-e89b-4fcb-996f-a105a2ff1d44) -- start
2021-05-23 15:43:33,417 INFO     test_ai_mod.carbon_explore.interactive -- Interactive explore -- get_crawls(web, 29859d56-e89b-4fcb-996f-a105a2ff1d44) -- end
2021-05-23 15:43:33,476 INFO     test_ai_mod.carbon_explore.interactive -- Interactive explore -- get_labeler_objects -- start
2021-05-23 15:43:33,477 INFO     test_ai_mod.carbon_explore.interactive -- Interactive explore -- Processing crawl interactively 20210523154310
2021-05-23 15:43:33,477 INFO     test_ai_mod.carbon_tasks.process_crawl_task -- processing crawl: 20210523154310 (app: 29859d56-e89b-4fcb-996f-a105a2ff1d44, build: c06c2d60-ac4b-4c6d-8626-dc7c6a1d6939)
2021-05-23 15:43:33,477 INFO     test_ai_mod.carbon_tasks.process_crawl_task -- processing screens for crawl
2021-05-23 15:43:33,684 INFO     test_ai_mod.carbon_dao.local_carbon_dao -- Getting build info: APP_ID: 29859d56-e89b-4fcb-996f-a105a2ff1d44, BUILD_ID: c06c2d60-ac4b-4c6d-8626-dc7c6a1d6939
2021-05-23 15:43:33,778 INFO     test_ai_mod.carbon_tasks.process_crawl_task -- writing unique screens file
2021-05-23 15:43:33,779 INFO     test_ai_mod.carbon_tasks.process_crawl_task -- writing screen hash map
2021-05-23 15:43:33,781 INFO     test_ai_mod.carbon_tasks.process_crawl_task -- writing screen similarity file
2021-05-23 15:43:33,782 INFO     test_ai_mod.carbon_tasks.process_crawl_task -- processing elements for crawl
2021-05-23 15:43:33,783 INFO     test_ai_mod.carbon_tasks.process_crawl_task -- skipping already processed: iter_00000_step_00000_info.json
2021-05-23 15:43:33,917 INFO     test_ai_mod.carbon_tasks.process_crawl_task -- Writing unique tags file.
2021-05-23 15:43:33,918 INFO     test_ai_mod.carbon_tasks.process_crawl_task -- writing unique elems file
2021-05-23 15:43:33,918 INFO     test_ai_mod.carbon_tasks.process_crawl_task -- writing elem hash map
2021-05-23 15:43:33,923 INFO     test_ai_mod.carbon_tasks.process_crawl_task -- writing elem similarity file
2021-05-23 15:43:33,923 INFO     test_ai_mod.carbon_tasks.process_crawl_task -- generating labeler objects file for crawl (v0)
2021-05-23 15:43:33,931 INFO     test_ai_mod.carbon_tasks.process_crawl_task -- reconciling screens labeled at runtime
2021-05-23 15:43:33,931 INFO     test_ai_mod.carbon_tasks.process_crawl_task -- reconciling elements labeled at runtime
2021-05-23 15:43:33,935 INFO     test_ai_mod.carbon_explore.interactive -- Interactive explore -- Generating labels using hash information 20210523154310
2021-05-23 15:43:33,937 INFO     test_ai_mod.carbon_explore.interactive -- Interactive explore -- get_labeler_objects -- end
2021-05-23 15:43:34,121 INFO     test_ai_mod.carbon_dao.local_carbon_dao -- Getting build info: APP_ID: 29859d56-e89b-4fcb-996f-a105a2ff1d44, BUILD_ID: c06c2d60-ac4b-4c6d-8626-dc7c6a1d6939
2021-05-23 15:43:34,327 INFO     test_ai_mod.labeler.v1.crawls -- elem image requested, crawl: 20210523154310, filename: iter_00000_step_00000_42_span.png
2021-05-23 15:43:34,328 INFO     test_ai_mod.labeler.v1.crawls -- elem image requested, crawl: 20210523154310, filename: iter_00000_step_00000_1_span.png
2021-05-23 15:43:34,330 INFO     test_ai_mod.carbon_dao.local_carbon_dao -- Getting build info: APP_ID: 29859d56-e89b-4fcb-996f-a105a2ff1d44, BUILD_ID: c06c2d60-ac4b-4c6d-8626-dc7c6a1d6939
2021-05-23 15:43:34,330 INFO     test_ai_mod.carbon_dao.local_carbon_dao -- Getting build info: APP_ID: 29859d56-e89b-4fcb-996f-a105a2ff1d44, BUILD_ID: c06c2d60-ac4b-4c6d-8626-dc7c6a1d6939
2021-05-23 15:43:34,332 INFO     test_ai_mod.labeler.v1.crawls -- resolved to: /Users/bot/test_ai/apps/29859d56-e89b-4fcb-996f-a105a2ff1d44/builds/c06c2d60-ac4b-4c6d-8626-dc7c6a1d6939/crawls/20210523154310/elems/iter_00000_step_00000_1_span.png
2021-05-23 15:43:34,333 INFO     test_ai_mod.labeler.v1.crawls -- resolved to: /Users/bot/test_ai/apps/29859d56-e89b-4fcb-996f-a105a2ff1d44/builds/c06c2d60-ac4b-4c6d-8626-dc7c6a1d6939/crawls/20210523154310/elems/iter_00000_step_00000_42_span.png
2021-05-23 15:43:34,424 INFO     test_ai_mod.labeler.v1.crawls -- elem image requested, crawl: 20210523154310, filename: iter_00000_step_00000_45_div.png
2021-05-23 15:43:34,427 INFO     test_ai_mod.carbon_dao.local_carbon_dao -- Getting build info: APP_ID: 29859d56-e89b-4fcb-996f-a105a2ff1d44, BUILD_ID: c06c2d60-ac4b-4c6d-8626-dc7c6a1d6939
2021-05-23 15:43:34,428 INFO     test_ai_mod.labeler.v1.crawls -- resolved to: /Users/bot/test_ai/apps/29859d56-e89b-4fcb-996f-a105a2ff1d44/builds/c06c2d60-ac4b-4c6d-8626-dc7c6a1d6939/crawls/20210523154310/elems/iter_00000_step_00000_45_div.png
2021-05-23 15:43:34,448 INFO     test_ai_mod.labeler.v1.crawls -- elem image requested, crawl: 20210523154310, filename: iter_00000_step_00000_20_div.png
2021-05-23 15:43:34,449 INFO     test_ai_mod.carbon_dao.local_carbon_dao -- Getting build info: APP_ID: 29859d56-e89b-4fcb-996f-a105a2ff1d44, BUILD_ID: c06c2d60-ac4b-4c6d-8626-dc7c6a1d6939
2021-05-23 15:43:34,450 INFO     test_ai_mod.labeler.v1.crawls -- resolved to: /Users/bot/test_ai/apps/29859d56-e89b-4fcb-996f-a105a2ff1d44/builds/c06c2d60-ac4b-4c6d-8626-dc7c6a1d6939/crawls/20210523154310/elems/iter_00000_step_00000_20_div.png
2021-05-23 15:43:34,511 INFO     test_ai_mod.labeler.v1.crawls -- elem image requested, crawl: 20210523154310, filename: iter_00000_step_00000_23_div.png
2021-05-23 15:43:34,512 INFO     test_ai_mod.carbon_dao.local_carbon_dao -- Getting build info: APP_ID: 29859d56-e89b-4fcb-996f-a105a2ff1d44, BUILD_ID: c06c2d60-ac4b-4c6d-8626-dc7c6a1d6939
2021-05-23 15:43:34,513 INFO     test_ai_mod.labeler.v1.crawls -- resolved to: /Users/bot/test_ai/apps/29859d56-e89b-4fcb-996f-a105a2ff1d44/builds/c06c2d60-ac4b-4c6d-8626-dc7c6a1d6939/crawls/20210523154310/elems/iter_00000_step_00000_23_div.png
2021-05-23 15:43:34,583 INFO     test_ai_mod.carbon_dao.local_carbon_dao -- Getting build info: APP_ID: 29859d56-e89b-4fcb-996f-a105a2ff1d44, BUILD_ID: c06c2d60-ac4b-4c6d-8626-dc7c6a1d6939
2021-05-23 15:43:34,822 INFO     test_ai_mod.labeler.v1.crawls -- elem image requested, crawl: 20210523154310, filename: iter_00000_step_00000_31_a.png
2021-05-23 15:43:34,826 INFO     test_ai_mod.labeler.v1.crawls -- elem image requested, crawl: 20210523154310, filename: iter_00000_step_00000_5_div.png
2021-05-23 15:43:34,828 INFO     test_ai_mod.carbon_dao.local_carbon_dao -- Getting build info: APP_ID: 29859d56-e89b-4fcb-996f-a105a2ff1d44, BUILD_ID: c06c2d60-ac4b-4c6d-8626-dc7c6a1d6939
2021-05-23 15:43:34,830 INFO     test_ai_mod.carbon_dao.local_carbon_dao -- Getting build info: APP_ID: 29859d56-e89b-4fcb-996f-a105a2ff1d44, BUILD_ID: c06c2d60-ac4b-4c6d-8626-dc7c6a1d6939
2021-05-23 15:43:34,830 INFO     test_ai_mod.labeler.v1.crawls -- resolved to: /Users/bot/test_ai/apps/29859d56-e89b-4fcb-996f-a105a2ff1d44/builds/c06c2d60-ac4b-4c6d-8626-dc7c6a1d6939/crawls/20210523154310/elems/iter_00000_step_00000_31_a.png
2021-05-23 15:43:34,834 INFO     test_ai_mod.labeler.v1.crawls -- resolved to: /Users/bot/test_ai/apps/29859d56-e89b-4fcb-996f-a105a2ff1d44/builds/c06c2d60-ac4b-4c6d-8626-dc7c6a1d6939/crawls/20210523154310/elems/iter_00000_step_00000_5_div.png
2021-05-23 15:43:34,926 INFO     test_ai_mod.labeler.v1.crawls -- elem image requested, crawl: 20210523154310, filename: iter_00000_step_00000_2_span.png
2021-05-23 15:43:34,933 INFO     test_ai_mod.labeler.v1.crawls -- elem image requested, crawl: 20210523154310, filename: iter_00000_step_00000_36_span.png
2021-05-23 15:43:34,933 INFO     test_ai_mod.labeler.v1.crawls -- elem image requested, crawl: 20210523154310, filename: iter_00000_step_00000_10_span.png
2021-05-23 15:43:34,935 INFO     test_ai_mod.carbon_dao.local_carbon_dao -- Getting build info: APP_ID: 29859d56-e89b-4fcb-996f-a105a2ff1d44, BUILD_ID: c06c2d60-ac4b-4c6d-8626-dc7c6a1d6939
2021-05-23 15:43:34,935 INFO     test_ai_mod.carbon_dao.local_carbon_dao -- Getting build info: APP_ID: 29859d56-e89b-4fcb-996f-a105a2ff1d44, BUILD_ID: c06c2d60-ac4b-4c6d-8626-dc7c6a1d6939
2021-05-23 15:43:34,935 INFO     test_ai_mod.carbon_dao.local_carbon_dao -- Getting build info: APP_ID: 29859d56-e89b-4fcb-996f-a105a2ff1d44, BUILD_ID: c06c2d60-ac4b-4c6d-8626-dc7c6a1d6939
2021-05-23 15:43:34,938 INFO     test_ai_mod.labeler.v1.crawls -- resolved to: /Users/bot/test_ai/apps/29859d56-e89b-4fcb-996f-a105a2ff1d44/builds/c06c2d60-ac4b-4c6d-8626-dc7c6a1d6939/crawls/20210523154310/elems/iter_00000_step_00000_10_span.png
2021-05-23 15:43:34,938 INFO     test_ai_mod.labeler.v1.crawls -- resolved to: /Users/bot/test_ai/apps/29859d56-e89b-4fcb-996f-a105a2ff1d44/builds/c06c2d60-ac4b-4c6d-8626-dc7c6a1d6939/crawls/20210523154310/elems/iter_00000_step_00000_36_span.png
2021-05-23 15:43:34,942 INFO     test_ai_mod.labeler.v1.crawls -- resolved to: /Users/bot/test_ai/apps/29859d56-e89b-4fcb-996f-a105a2ff1d44/builds/c06c2d60-ac4b-4c6d-8626-dc7c6a1d6939/crawls/20210523154310/elems/iter_00000_step_00000_2_span.png
2021-05-23 15:43:35,025 INFO     test_ai_mod.labeler.v1.crawls -- elem image requested, crawl: 20210523154310, filename: iter_00000_step_00000_15_button.png
2021-05-23 15:43:35,027 INFO     test_ai_mod.carbon_dao.local_carbon_dao -- Getting build info: APP_ID: 29859d56-e89b-4fcb-996f-a105a2ff1d44, BUILD_ID: c06c2d60-ac4b-4c6d-8626-dc7c6a1d6939
2021-05-23 15:43:35,028 INFO     test_ai_mod.labeler.v1.crawls -- resolved to: /Users/bot/test_ai/apps/29859d56-e89b-4fcb-996f-a105a2ff1d44/builds/c06c2d60-ac4b-4c6d-8626-dc7c6a1d6939/crawls/20210523154310/elems/iter_00000_step_00000_15_button.png
2021-05-23 15:43:35,231 INFO     test_ai_mod.labeler.v1.crawls -- elem image requested, crawl: 20210523154310, filename: iter_00000_step_00000_28_span.png
2021-05-23 15:43:35,233 INFO     test_ai_mod.carbon_dao.local_carbon_dao -- Getting build info: APP_ID: 29859d56-e89b-4fcb-996f-a105a2ff1d44, BUILD_ID: c06c2d60-ac4b-4c6d-8626-dc7c6a1d6939
2021-05-23 15:43:35,234 INFO     test_ai_mod.carbon_dao.local_carbon_dao -- Getting build info: APP_ID: 29859d56-e89b-4fcb-996f-a105a2ff1d44, BUILD_ID: c06c2d60-ac4b-4c6d-8626-dc7c6a1d6939
2021-05-23 15:43:35,237 INFO     test_ai_mod.labeler.v1.crawls -- resolved to: /Users/bot/test_ai/apps/29859d56-e89b-4fcb-996f-a105a2ff1d44/builds/c06c2d60-ac4b-4c6d-8626-dc7c6a1d6939/crawls/20210523154310/elems/iter_00000_step_00000_28_span.png
2021-05-23 15:43:35,314 INFO     test_ai_mod.labeler.v1.crawls -- elem image requested, crawl: 20210523154310, filename: iter_00000_step_00000_0_h1.png
2021-05-23 15:43:35,316 INFO     test_ai_mod.carbon_dao.local_carbon_dao -- Getting build info: APP_ID: 29859d56-e89b-4fcb-996f-a105a2ff1d44, BUILD_ID: c06c2d60-ac4b-4c6d-8626-dc7c6a1d6939
2021-05-23 15:43:35,317 INFO     test_ai_mod.labeler.v1.crawls -- resolved to: /Users/bot/test_ai/apps/29859d56-e89b-4fcb-996f-a105a2ff1d44/builds/c06c2d60-ac4b-4c6d-8626-dc7c6a1d6939/crawls/20210523154310/elems/iter_00000_step_00000_0_h1.png
2021-05-23 15:43:35,334 INFO     test_ai_mod.labeler.v1.crawls -- elem image requested, crawl: 20210523154310, filename: iter_00000_step_00000_9_span.png
2021-05-23 15:43:35,336 INFO     test_ai_mod.carbon_dao.local_carbon_dao -- Getting build info: APP_ID: 29859d56-e89b-4fcb-996f-a105a2ff1d44, BUILD_ID: c06c2d60-ac4b-4c6d-8626-dc7c6a1d6939
2021-05-23 15:43:35,337 INFO     test_ai_mod.labeler.v1.crawls -- resolved to: /Users/bot/test_ai/apps/29859d56-e89b-4fcb-996f-a105a2ff1d44/builds/c06c2d60-ac4b-4c6d-8626-dc7c6a1d6939/crawls/20210523154310/elems/iter_00000_step_00000_9_span.png
2021-05-23 15:43:35,374 INFO     test_ai_mod.labeler.v1.crawls -- elem image requested, crawl: 20210523154310, filename: iter_00000_step_00000_27_img.png
2021-05-23 15:43:35,375 INFO     test_ai_mod.carbon_dao.local_carbon_dao -- Getting build info: APP_ID: 29859d56-e89b-4fcb-996f-a105a2ff1d44, BUILD_ID: c06c2d60-ac4b-4c6d-8626-dc7c6a1d6939
2021-05-23 15:43:35,377 INFO     test_ai_mod.labeler.v1.crawls -- resolved to: /Users/bot/test_ai/apps/29859d56-e89b-4fcb-996f-a105a2ff1d44/builds/c06c2d60-ac4b-4c6d-8626-dc7c6a1d6939/crawls/20210523154310/elems/iter_00000_step_00000_27_img.png
2021-05-23 15:43:35,415 INFO     test_ai_mod.labeler.v1.crawls -- elem image requested, crawl: 20210523154310, filename: iter_00000_step_00000_35_div.png
2021-05-23 15:43:35,416 INFO     test_ai_mod.carbon_dao.local_carbon_dao -- Getting build info: APP_ID: 29859d56-e89b-4fcb-996f-a105a2ff1d44, BUILD_ID: c06c2d60-ac4b-4c6d-8626-dc7c6a1d6939
2021-05-23 15:43:35,417 INFO     test_ai_mod.labeler.v1.crawls -- resolved to: /Users/bot/test_ai/apps/29859d56-e89b-4fcb-996f-a105a2ff1d44/builds/c06c2d60-ac4b-4c6d-8626-dc7c6a1d6939/crawls/20210523154310/elems/iter_00000_step_00000_35_div.png
2021-05-23 15:43:35,632 INFO     test_ai_mod.labeler.v1.crawls -- elem image requested, crawl: 20210523154310, filename: iter_00000_step_00000_11_a.png
2021-05-23 15:43:35,634 INFO     test_ai_mod.carbon_dao.local_carbon_dao -- Getting build info: APP_ID: 29859d56-e89b-4fcb-996f-a105a2ff1d44, BUILD_ID: c06c2d60-ac4b-4c6d-8626-dc7c6a1d6939
2021-05-23 15:43:35,636 INFO     test_ai_mod.labeler.v1.crawls -- resolved to: /Users/bot/test_ai/apps/29859d56-e89b-4fcb-996f-a105a2ff1d44/builds/c06c2d60-ac4b-4c6d-8626-dc7c6a1d6939/crawls/20210523154310/elems/iter_00000_step_00000_11_a.png
2021-05-23 15:43:35,713 INFO     test_ai_mod.labeler.v1.crawls -- elem image requested, crawl: 20210523154310, filename: iter_00000_step_00000_29_div.png
2021-05-23 15:43:35,715 INFO     test_ai_mod.carbon_dao.local_carbon_dao -- Getting build info: APP_ID: 29859d56-e89b-4fcb-996f-a105a2ff1d44, BUILD_ID: c06c2d60-ac4b-4c6d-8626-dc7c6a1d6939
2021-05-23 15:43:35,717 INFO     test_ai_mod.labeler.v1.crawls -- resolved to: /Users/bot/test_ai/apps/29859d56-e89b-4fcb-996f-a105a2ff1d44/builds/c06c2d60-ac4b-4c6d-8626-dc7c6a1d6939/crawls/20210523154310/elems/iter_00000_step_00000_29_div.png
2021-05-23 15:43:35,727 INFO     test_ai_mod.labeler.v1.crawls -- elem image requested, crawl: 20210523154310, filename: iter_00000_step_00000_34_a.png
2021-05-23 15:43:35,733 INFO     test_ai_mod.carbon_dao.local_carbon_dao -- Getting build info: APP_ID: 29859d56-e89b-4fcb-996f-a105a2ff1d44, BUILD_ID: c06c2d60-ac4b-4c6d-8626-dc7c6a1d6939
2021-05-23 15:43:35,737 INFO     test_ai_mod.labeler.v1.crawls -- resolved to: /Users/bot/test_ai/apps/29859d56-e89b-4fcb-996f-a105a2ff1d44/builds/c06c2d60-ac4b-4c6d-8626-dc7c6a1d6939/crawls/20210523154310/elems/iter_00000_step_00000_34_a.png
2021-05-23 15:43:35,823 INFO     test_ai_mod.labeler.v1.crawls -- elem image requested, crawl: 20210523154310, filename: iter_00000_step_00000_48_a.png
2021-05-23 15:43:35,825 INFO     test_ai_mod.labeler.v1.crawls -- elem image requested, crawl: 20210523154310, filename: iter_00000_step_00000_50_a.png
2021-05-23 15:43:35,826 INFO     test_ai_mod.carbon_dao.local_carbon_dao -- Getting build info: APP_ID: 29859d56-e89b-4fcb-996f-a105a2ff1d44, BUILD_ID: c06c2d60-ac4b-4c6d-8626-dc7c6a1d6939
2021-05-23 15:43:35,827 INFO     test_ai_mod.carbon_dao.local_carbon_dao -- Getting build info: APP_ID: 29859d56-e89b-4fcb-996f-a105a2ff1d44, BUILD_ID: c06c2d60-ac4b-4c6d-8626-dc7c6a1d6939
2021-05-23 15:43:35,829 INFO     test_ai_mod.labeler.v1.crawls -- resolved to: /Users/bot/test_ai/apps/29859d56-e89b-4fcb-996f-a105a2ff1d44/builds/c06c2d60-ac4b-4c6d-8626-dc7c6a1d6939/crawls/20210523154310/elems/iter_00000_step_00000_48_a.png
2021-05-23 15:43:35,830 INFO     test_ai_mod.labeler.v1.crawls -- resolved to: /Users/bot/test_ai/apps/29859d56-e89b-4fcb-996f-a105a2ff1d44/builds/c06c2d60-ac4b-4c6d-8626-dc7c6a1d6939/crawls/20210523154310/elems/iter_00000_step_00000_50_a.png
2021-05-23 15:43:35,919 INFO     test_ai_mod.labeler.v1.crawls -- elem image requested, crawl: 20210523154310, filename: iter_00000_step_00000_46_a.png
2021-05-23 15:43:35,921 INFO     test_ai_mod.carbon_dao.local_carbon_dao -- Getting build info: APP_ID: 29859d56-e89b-4fcb-996f-a105a2ff1d44, BUILD_ID: c06c2d60-ac4b-4c6d-8626-dc7c6a1d6939
2021-05-23 15:43:35,923 INFO     test_ai_mod.labeler.v1.crawls -- resolved to: /Users/bot/test_ai/apps/29859d56-e89b-4fcb-996f-a105a2ff1d44/builds/c06c2d60-ac4b-4c6d-8626-dc7c6a1d6939/crawls/20210523154310/elems/iter_00000_step_00000_46_a.png
2021-05-23 15:43:36,120 INFO     test_ai_mod.labeler.v1.crawls -- elem image requested, crawl: 20210523154310, filename: iter_00000_step_00000_4_a.png
2021-05-23 15:43:36,122 INFO     test_ai_mod.labeler.v1.crawls -- elem image requested, crawl: 20210523154310, filename: iter_00000_step_00000_12_a.png
2021-05-23 15:43:36,124 INFO     test_ai_mod.carbon_dao.local_carbon_dao -- Getting build info: APP_ID: 29859d56-e89b-4fcb-996f-a105a2ff1d44, BUILD_ID: c06c2d60-ac4b-4c6d-8626-dc7c6a1d6939
2021-05-23 15:43:36,125 INFO     test_ai_mod.carbon_dao.local_carbon_dao -- Getting build info: APP_ID: 29859d56-e89b-4fcb-996f-a105a2ff1d44, BUILD_ID: c06c2d60-ac4b-4c6d-8626-dc7c6a1d6939
2021-05-23 15:43:36,127 INFO     test_ai_mod.labeler.v1.crawls -- resolved to: /Users/bot/test_ai/apps/29859d56-e89b-4fcb-996f-a105a2ff1d44/builds/c06c2d60-ac4b-4c6d-8626-dc7c6a1d6939/crawls/20210523154310/elems/iter_00000_step_00000_12_a.png
2021-05-23 15:43:36,131 INFO     test_ai_mod.labeler.v1.crawls -- resolved to: /Users/bot/test_ai/apps/29859d56-e89b-4fcb-996f-a105a2ff1d44/builds/c06c2d60-ac4b-4c6d-8626-dc7c6a1d6939/crawls/20210523154310/elems/iter_00000_step_00000_4_a.png
2021-05-23 15:43:36,223 INFO     test_ai_mod.labeler.v1.crawls -- elem image requested, crawl: 20210523154310, filename: iter_00000_step_00000_51_img.png
2021-05-23 15:43:36,226 INFO     test_ai_mod.labeler.v1.crawls -- elem image requested, crawl: 20210523154310, filename: iter_00000_step_00000_38_a.png
2021-05-23 15:43:36,228 INFO     test_ai_mod.carbon_dao.local_carbon_dao -- Getting build info: APP_ID: 29859d56-e89b-4fcb-996f-a105a2ff1d44, BUILD_ID: c06c2d60-ac4b-4c6d-8626-dc7c6a1d6939
2021-05-23 15:43:36,229 INFO     test_ai_mod.carbon_dao.local_carbon_dao -- Getting build info: APP_ID: 29859d56-e89b-4fcb-996f-a105a2ff1d44, BUILD_ID: c06c2d60-ac4b-4c6d-8626-dc7c6a1d6939
2021-05-23 15:43:36,231 INFO     test_ai_mod.labeler.v1.crawls -- resolved to: /Users/bot/test_ai/apps/29859d56-e89b-4fcb-996f-a105a2ff1d44/builds/c06c2d60-ac4b-4c6d-8626-dc7c6a1d6939/crawls/20210523154310/elems/iter_00000_step_00000_51_img.png
2021-05-23 15:43:36,232 INFO     test_ai_mod.labeler.v1.crawls -- resolved to: /Users/bot/test_ai/apps/29859d56-e89b-4fcb-996f-a105a2ff1d44/builds/c06c2d60-ac4b-4c6d-8626-dc7c6a1d6939/crawls/20210523154310/elems/iter_00000_step_00000_38_a.png
2021-05-23 15:43:36,325 INFO     test_ai_mod.labeler.v1.crawls -- elem image requested, crawl: 20210523154310, filename: iter_00000_step_00000_40_button.png
2021-05-23 15:43:36,327 INFO     test_ai_mod.carbon_dao.local_carbon_dao -- Getting build info: APP_ID: 29859d56-e89b-4fcb-996f-a105a2ff1d44, BUILD_ID: c06c2d60-ac4b-4c6d-8626-dc7c6a1d6939
2021-05-23 15:43:36,330 INFO     test_ai_mod.labeler.v1.crawls -- resolved to: /Users/bot/test_ai/apps/29859d56-e89b-4fcb-996f-a105a2ff1d44/builds/c06c2d60-ac4b-4c6d-8626-dc7c6a1d6939/crawls/20210523154310/elems/iter_00000_step_00000_40_button.png
2021-05-23 15:43:36,423 INFO     test_ai_mod.labeler.v1.crawls -- elem image requested, crawl: 20210523154310, filename: iter_00000_step_00000_24_a.png
2021-05-23 15:43:36,427 INFO     test_ai_mod.labeler.v1.crawls -- elem image requested, crawl: 20210523154310, filename: iter_00000_step_00000_32_a.png
2021-05-23 15:43:36,429 INFO     test_ai_mod.carbon_dao.local_carbon_dao -- Getting build info: APP_ID: 29859d56-e89b-4fcb-996f-a105a2ff1d44, BUILD_ID: c06c2d60-ac4b-4c6d-8626-dc7c6a1d6939
2021-05-23 15:43:36,429 INFO     test_ai_mod.carbon_dao.local_carbon_dao -- Getting build info: APP_ID: 29859d56-e89b-4fcb-996f-a105a2ff1d44, BUILD_ID: c06c2d60-ac4b-4c6d-8626-dc7c6a1d6939
2021-05-23 15:43:36,431 INFO     test_ai_mod.labeler.v1.crawls -- resolved to: /Users/bot/test_ai/apps/29859d56-e89b-4fcb-996f-a105a2ff1d44/builds/c06c2d60-ac4b-4c6d-8626-dc7c6a1d6939/crawls/20210523154310/elems/iter_00000_step_00000_24_a.png
2021-05-23 15:43:36,433 INFO     test_ai_mod.labeler.v1.crawls -- resolved to: /Users/bot/test_ai/apps/29859d56-e89b-4fcb-996f-a105a2ff1d44/builds/c06c2d60-ac4b-4c6d-8626-dc7c6a1d6939/crawls/20210523154310/elems/iter_00000_step_00000_32_a.png
2021-05-23 15:43:36,530 INFO     test_ai_mod.labeler.v1.crawls -- elem image requested, crawl: 20210523154310, filename: iter_00000_step_00000_52_a.png
2021-05-23 15:43:36,532 INFO     test_ai_mod.carbon_dao.local_carbon_dao -- Getting build info: APP_ID: 29859d56-e89b-4fcb-996f-a105a2ff1d44, BUILD_ID: c06c2d60-ac4b-4c6d-8626-dc7c6a1d6939
2021-05-23 15:43:36,534 INFO     test_ai_mod.labeler.v1.crawls -- resolved to: /Users/bot/test_ai/apps/29859d56-e89b-4fcb-996f-a105a2ff1d44/builds/c06c2d60-ac4b-4c6d-8626-dc7c6a1d6939/crawls/20210523154310/elems/iter_00000_step_00000_52_a.png
2021-05-23 15:43:36,623 INFO     test_ai_mod.labeler.v1.crawls -- elem image requested, crawl: 20210523154310, filename: iter_00000_step_00000_21_a.png
2021-05-23 15:43:36,626 INFO     test_ai_mod.labeler.v1.crawls -- elem image requested, crawl: 20210523154310, filename: iter_00000_step_00000_13_a.png
2021-05-23 15:43:36,627 INFO     test_ai_mod.carbon_dao.local_carbon_dao -- Getting build info: APP_ID: 29859d56-e89b-4fcb-996f-a105a2ff1d44, BUILD_ID: c06c2d60-ac4b-4c6d-8626-dc7c6a1d6939
2021-05-23 15:43:36,630 INFO     test_ai_mod.labeler.v1.crawls -- resolved to: /Users/bot/test_ai/apps/29859d56-e89b-4fcb-996f-a105a2ff1d44/builds/c06c2d60-ac4b-4c6d-8626-dc7c6a1d6939/crawls/20210523154310/elems/iter_00000_step_00000_21_a.png
2021-05-23 15:43:36,631 INFO     test_ai_mod.carbon_dao.local_carbon_dao -- Getting build info: APP_ID: 29859d56-e89b-4fcb-996f-a105a2ff1d44, BUILD_ID: c06c2d60-ac4b-4c6d-8626-dc7c6a1d6939
2021-05-23 15:43:36,635 INFO     test_ai_mod.labeler.v1.crawls -- resolved to: /Users/bot/test_ai/apps/29859d56-e89b-4fcb-996f-a105a2ff1d44/builds/c06c2d60-ac4b-4c6d-8626-dc7c6a1d6939/crawls/20210523154310/elems/iter_00000_step_00000_13_a.png
2021-05-23 15:43:38,069 INFO     test_ai_mod.labeler.v1.crawls -- elem image requested, crawl: 20210523154310, filename: iter_00000_step_00000_7_a.png
2021-05-23 15:43:38,071 INFO     test_ai_mod.carbon_dao.local_carbon_dao -- Getting build info: APP_ID: 29859d56-e89b-4fcb-996f-a105a2ff1d44, BUILD_ID: c06c2d60-ac4b-4c6d-8626-dc7c6a1d6939
2021-05-23 15:43:38,074 INFO     test_ai_mod.labeler.v1.crawls -- resolved to: /Users/bot/test_ai/apps/29859d56-e89b-4fcb-996f-a105a2ff1d44/builds/c06c2d60-ac4b-4c6d-8626-dc7c6a1d6939/crawls/20210523154310/elems/iter_00000_step_00000_7_a.png
2021-05-23 15:43:44,795 INFO     test_ai_mod.labeler.v1.crawls -- elem image requested, crawl: 20210523154310, filename: iter_00000_step_00000_screenshot.png
2021-05-23 15:43:44,797 INFO     test_ai_mod.carbon_dao.local_carbon_dao -- Getting build info: APP_ID: 29859d56-e89b-4fcb-996f-a105a2ff1d44, BUILD_ID: c06c2d60-ac4b-4c6d-8626-dc7c6a1d6939
2021-05-23 15:43:44,799 INFO     test_ai_mod.labeler.v1.crawls -- resolved to: /Users/bot/test_ai/apps/29859d56-e89b-4fcb-996f-a105a2ff1d44/builds/c06c2d60-ac4b-4c6d-8626-dc7c6a1d6939/crawls/20210523154310/screens/iter_00000_step_00000_screenshot.png
2021-05-23 15:43:48,371 INFO     test_ai_mod.carbon_explore.interactive -- Interactive explore -- status -- start
2021-05-23 15:43:48,372 INFO     test_ai_mod.carbon_explore.interactive -- Interactive explore -- status -- end
2021-05-23 15:43:52,911 INFO     test_ai_mod.carbon_dao.local_carbon_dao -- Getting build info: APP_ID: 29859d56-e89b-4fcb-996f-a105a2ff1d44, BUILD_ID: c06c2d60-ac4b-4c6d-8626-dc7c6a1d6939
2021-05-23 15:43:52,915 INFO     test_ai_mod.labeler.v1.crawls -- labels_info:{u'screens': {}, u'elems': {u'iter_00000_step_00000_15_button.png': [u'btn_chat_with_us']}}
2021-05-23 15:43:52,918 INFO     test_ai_mod.carbon_dao.local_carbon_dao -- Getting build info: APP_ID: 29859d56-e89b-4fcb-996f-a105a2ff1d44, BUILD_ID: c06c2d60-ac4b-4c6d-8626-dc7c6a1d6939
2021-05-23 15:43:53,106 INFO     test_ai_mod.carbon_dao.local_carbon_dao -- Getting build info: APP_ID: 29859d56-e89b-4fcb-996f-a105a2ff1d44, BUILD_ID: c06c2d60-ac4b-4c6d-8626-dc7c6a1d6939
2021-05-23 15:44:03,420 INFO     test_ai_mod.carbon_explore.interactive -- Interactive explore -- status -- start
2021-05-23 15:44:03,422 INFO     test_ai_mod.carbon_explore.interactive -- Interactive explore -- status -- end
2021-05-23 15:44:11,091 INFO     test_ai_mod.carbon_dao.local_carbon_dao -- Getting build info: APP_ID: 29859d56-e89b-4fcb-996f-a105a2ff1d44, BUILD_ID: c06c2d60-ac4b-4c6d-8626-dc7c6a1d6939
2021-05-23 15:44:11,094 INFO     test_ai_mod.labeler.v1.crawls -- labels_info:{u'screens': {}, u'elems': {u'iter_00000_step_00000_15_button.png': [u'btn_chat_with_us'], u'iter_00000_step_00000_31_a.png': [u'lnk_locations']}}
2021-05-23 15:44:11,096 INFO     test_ai_mod.carbon_dao.local_carbon_dao -- Getting build info: APP_ID: 29859d56-e89b-4fcb-996f-a105a2ff1d44, BUILD_ID: c06c2d60-ac4b-4c6d-8626-dc7c6a1d6939
2021-05-23 15:44:11,293 INFO     test_ai_mod.carbon_dao.local_carbon_dao -- Getting build info: APP_ID: 29859d56-e89b-4fcb-996f-a105a2ff1d44, BUILD_ID: c06c2d60-ac4b-4c6d-8626-dc7c6a1d6939
2021-05-23 15:44:18,352 INFO     test_ai_mod.carbon_explore.interactive -- Interactive explore -- status -- start
2021-05-23 15:44:18,353 INFO     test_ai_mod.carbon_explore.interactive -- Interactive explore -- status -- end
2021-05-23 15:44:19,329 INFO     test_ai_mod.carbon_explore.interactive -- Interactive explore -- status -- start
2021-05-23 15:44:19,329 INFO     test_ai_mod.carbon_explore.interactive -- Interactive explore -- status -- end
2021-05-23 15:44:19,340 INFO     test_ai_mod.carbon_explore.interactive -- Interactive explore -- status -- start
2021-05-23 15:44:19,341 INFO     test_ai_mod.carbon_explore.interactive -- Interactive explore -- status -- end
2021-05-23 15:44:19,344 INFO     root -- Stopping interactive crawl.
2021-05-23 15:44:19,351 INFO     test_ai_mod.carbon_explore.interactive -- Interactive explore -- stop -- start
2021-05-23 15:44:19,352 INFO     test_ai_mod.carbon_explore.interactive -- Interactive explore -- stop -- stop
2021-05-23 15:44:19,884 INFO     test_ai_mod.carbon_explore.explore_hook -- Explore hook -- apply_deferred_runtime_labels starting.
2021-05-23 15:44:19,885 INFO     test_ai_mod.carbon_explore.explore_hook -- Explore hook -- apply_deferred_runtime_labels completed.
2021-05-23 15:44:19,886 INFO     test_ai_mod.carbon_explore.interactive -- Interactive explore -- start_interactive_loop completed.
2021-05-23 15:44:19,889 INFO     test_ai_mod.carbon_explore.explore -- performing post-walk cleanup
2021-05-23 15:44:19,890 INFO     test_ai_mod.carbon_utils.simulator_tools -- performing post-test cleanup
2021-05-23 15:44:19,890 INFO     test_ai_mod.carbon_utils.simulator_tools -- calling driver.quit
2021-05-23 15:44:20,004 INFO     test_ai_mod.carbon_explore.explore -- iteration completed: 0
2021-05-23 15:44:20,004 INFO     test_ai_mod.carbon_tasks.crawl_build_task -- walk: 1 - succeeded
2021-05-23 15:44:20,004 INFO     test_ai_mod.carbon_tasks.crawl_build_task -- Handling crawl stop request.
2021-05-23 15:44:20,008 INFO     test_ai_mod.carbon_dao.local_carbon_dao -- Getting build info: APP_ID: 29859d56-e89b-4fcb-996f-a105a2ff1d44, BUILD_ID: c06c2d60-ac4b-4c6d-8626-dc7c6a1d6939
2021-05-23 15:44:20,011 INFO     test_ai_mod.carbon_dao.local_carbon_dao -- Getting build info: APP_ID: 29859d56-e89b-4fcb-996f-a105a2ff1d44, BUILD_ID: c06c2d60-ac4b-4c6d-8626-dc7c6a1d6939
2021-05-23 15:44:20,013 INFO     test_ai_mod.carbon_tasks.process_crawl_task -- processing crawl: 20210523154310 (app: 29859d56-e89b-4fcb-996f-a105a2ff1d44, build: c06c2d60-ac4b-4c6d-8626-dc7c6a1d6939)
2021-05-23 15:44:20,013 INFO     test_ai_mod.carbon_tasks.process_crawl_task -- processing screens for crawl
2021-05-23 15:44:20,285 INFO     test_ai_mod.carbon_tasks.process_crawl_task -- writing unique screens file
2021-05-23 15:44:20,285 INFO     test_ai_mod.carbon_tasks.process_crawl_task -- writing screen hash map
2021-05-23 15:44:20,289 INFO     test_ai_mod.carbon_tasks.process_crawl_task -- writing screen similarity file
2021-05-23 15:44:20,289 INFO     test_ai_mod.carbon_tasks.process_crawl_task -- processing elements for crawl
2021-05-23 15:44:20,291 INFO     test_ai_mod.carbon_tasks.process_crawl_task -- skipping already processed: iter_00000_step_00000_info.json
2021-05-23 15:44:20,422 INFO     test_ai_mod.carbon_tasks.process_crawl_task -- Writing unique tags file.
2021-05-23 15:44:20,422 INFO     test_ai_mod.carbon_tasks.process_crawl_task -- writing unique elems file
2021-05-23 15:44:20,422 INFO     test_ai_mod.carbon_tasks.process_crawl_task -- writing elem hash map
2021-05-23 15:44:20,427 INFO     test_ai_mod.carbon_tasks.process_crawl_task -- writing elem similarity file
2021-05-23 15:44:20,428 INFO     test_ai_mod.carbon_tasks.process_crawl_task -- generating and saving feature data for crawl
2021-05-23 15:44:20,428 INFO     test_ai_mod.carbon_tasks.generate_feature_data_task -- generating feature data for crawl: 20210523154310, app_id: 29859d56-e89b-4fcb-996f-a105a2ff1d44, build_id: c06c2d60-ac4b-4c6d-8626-dc7c6a1d6939
2021-05-23 15:44:20,430 INFO     test_ai_mod.carbon_tasks.generate_feature_data_task -- generating screen feature data
2021-05-23 15:44:21,016 INFO     test_ai_mod.carbon_tasks.generate_feature_data_task -- saving screen feature data
2021-05-23 15:44:21,017 INFO     test_ai_mod.carbon_tasks.process_crawl_task -- generating labeler objects file for crawl (v0)
2021-05-23 15:44:21,025 INFO     test_ai_mod.carbon_tasks.process_crawl_task -- reconciling screens labeled at runtime
2021-05-23 15:44:21,025 INFO     test_ai_mod.carbon_tasks.process_crawl_task -- reconciling elements labeled at runtime
2021-05-23 15:44:21,029 INFO     test_ai_mod.carbon_tasks.generate_auto_labels_task -- generating auto labels for crawl: 20210523154310, app_id: 29859d56-e89b-4fcb-996f-a105a2ff1d44, build_id: c06c2d60-ac4b-4c6d-8626-dc7c6a1d6939
2021-05-23 15:44:21,030 INFO     test_ai_mod.carbon_dao.local_carbon_dao -- Getting build info: APP_ID: 29859d56-e89b-4fcb-996f-a105a2ff1d44, BUILD_ID: c06c2d60-ac4b-4c6d-8626-dc7c6a1d6939
2021-05-23 15:44:21,031 INFO     test_ai_mod.carbon_dao.local_carbon_dao -- Getting build info: APP_ID: 29859d56-e89b-4fcb-996f-a105a2ff1d44, BUILD_ID: c06c2d60-ac4b-4c6d-8626-dc7c6a1d6939
2021-05-23 15:44:21,031 INFO     test_ai_mod.carbon_tasks.generate_auto_labels_task -- getting data for crawl: 20210523154310
2021-05-23 15:44:21,031 INFO     test_ai_mod.carbon_tasks.generate_auto_labels_task -- processing crawl: 20210523154310
2021-05-23 15:44:21,045 INFO     test_ai_mod.carbon_tasks.generate_auto_labels_task -- writing merged, suggested labels for crawl: 20210523154310
2021-05-23 15:44:21,047 INFO     test_ai_mod.carbon_tasks.generate_auto_labels_task -- writing applied hashes to labels to file: /Users/bot/test_ai/apps/29859d56-e89b-4fcb-996f-a105a2ff1d44/lkg/hashes_to_labels.json
2021-05-23 15:44:21,047 INFO     test_ai_mod.carbon_tasks.generate_auto_labels_task -- writing applied human readable to labels to file: /Users/bot/test_ai/apps/29859d56-e89b-4fcb-996f-a105a2ff1d44/lkg/human_readable_to_labels.json
2021-05-23 15:44:21,048 INFO     test_ai_mod.carbon_tasks.generate_auto_labels_task -- writing label to hash dicts to file: /Users/bot/test_ai/apps/29859d56-e89b-4fcb-996f-a105a2ff1d44/lkg/label_to_hash_dicts.json
2021-05-23 15:44:21,048 INFO     test_ai_mod.carbon_tasks.generate_auto_labels_task -- writing human readable to paths to file: /Users/bot/test_ai/apps/29859d56-e89b-4fcb-996f-a105a2ff1d44/lkg/human_readable_to_paths.json
2021-05-23 15:44:21,048 INFO     test_ai_mod.carbon_classifiers.label_classifier_pipe -- Begin loading configured modules
2021-05-23 15:44:21,048 INFO     test_ai_mod.carbon_classifiers.carbon_classifier_v1.screen_classifier -- Loading ScreenClassifier
2021-05-23 15:44:21,048 INFO     test_ai_mod.carbon_classifiers.template_matching.app_specific_template_matcher -- Loading AppSpecificTemplateMatcher
2021-05-23 15:44:21,048 INFO     test_ai_mod.carbon_classifiers.perceptual.nn_classifier -- Loading NNClassifier
2021-05-23 15:44:21,048 INFO     test_ai_mod.carbon_classifiers.template_matching.template_matching_classifier -- Loading TemplateMatchingClassifier
2021-05-23 15:44:21,048 WARNING  test_ai_mod.carbon_classifiers.template_matching.template_matching_classifier -- No template director exists at /Users/bot/test_ai/templates
2021-05-23 15:44:21,048 INFO     test_ai_mod.carbon_classifiers.http_classifier.http_classifier -- Loaded Http Classifier for ""
2021-05-23 15:44:21,048 INFO     test_ai_mod.carbon_tasks.generate_auto_labels_task -- classifying 1 unique screens
2021-05-23 15:44:21,049 INFO     test_ai_mod.carbon_dao.carbon_data -- loading models from LKG dir
2021-05-23 15:44:21,049 INFO     test_ai_mod.carbon_dao.carbon_data -- loading models from LKG dir
2021-05-23 15:44:21,060 INFO     test_ai_mod.carbon_classifiers.label_classifier_pipe -- Begin labeling elements
2021-05-23 15:44:21,074 INFO     test_ai_mod.carbon_classifiers.template_matching.app_specific_template_matcher -- Classifying screen with AppSpecificTemplateMatcher
2021-05-23 15:44:21,074 INFO     test_ai_mod.carbon_classifiers.perceptual.nn_classifier -- Classifying screen with NNClassifier
2021-05-23 15:44:21,158 INFO     test_ai_mod.carbon_classifiers.label_classifier_pipe -- End labeling elements: Time taken 0.0976421833038 seconds
2021-05-23 15:44:21,159 INFO     test_ai_mod.carbon_tasks.generate_auto_labels_task -- classifying 54 unique elems
2021-05-23 15:44:21,162 INFO     test_ai_mod.carbon_dao.carbon_data -- loading models from LKG dir
2021-05-23 15:44:21,163 INFO     test_ai_mod.carbon_dao.carbon_data -- loading models from LKG dir
2021-05-23 15:44:21,163 INFO     test_ai_mod.carbon_classifiers.label_classifier_pipe -- Begin labeling elements
2021-05-23 15:44:21,177 INFO     test_ai_mod.carbon_classifiers.template_matching.app_specific_template_matcher -- Classifying screen with AppSpecificTemplateMatcher
2021-05-23 15:44:21,177 INFO     test_ai_mod.carbon_classifiers.perceptual.nn_classifier -- Classifying screen with NNClassifier
2021-05-23 15:44:21,305 INFO     test_ai_mod.carbon_classifiers.perceptual.nn_classifier -- elem classified: lnk_locations, score: 1.0
2021-05-23 15:44:21,305 INFO     test_ai_mod.carbon_classifiers.perceptual.nn_classifier -- elem classified: btn_chat_with_us, score: 1.0
2021-05-23 15:44:21,321 INFO     test_ai_mod.carbon_classifiers.label_classifier_pipe -- End labeling elements: Time taken 0.157778024673 seconds
2021-05-23 15:44:21,321 INFO     test_ai_mod.carbon_tasks.generate_auto_labels_task -- writing merged, suggested labels for crawl: 20210523154310
2021-05-23 15:44:21,322 INFO     test_ai_mod.carbon_controllers.crawls -- Removing threaded log file handler for crawl.
