2021-05-23 16:32:40,679 INFO     test_ai_mod.carbon_controllers.crawls -- Logging crawl output to /Users/bot/test_ai/apps/29859d56-e89b-4fcb-996f-a105a2ff1d44/builds/c06c2d60-ac4b-4c6d-8626-dc7c6a1d6939/logs/crawl-20210523223240.log
2021-05-23 16:32:40,681 INFO     test_ai_mod.carbon_tasks.crawl_build_task -- crawling build, app_id: 29859d56-e89b-4fcb-996f-a105a2ff1d44, build_id: c06c2d60-ac4b-4c6d-8626-dc7c6a1d6939
2021-05-23 16:32:40,682 INFO     test_ai_mod.carbon_tasks.crawl_build_task -- num_steps (when no test): 25
2021-05-23 16:32:40,683 INFO     test_ai_mod.carbon_tasks.crawl_build_task -- max_steps: 150
2021-05-23 16:32:40,683 INFO     test_ai_mod.carbon_tasks.crawl_build_task -- max_iterations: 1
2021-05-23 16:32:40,683 INFO     test_ai_mod.carbon_tasks.crawl_build_task -- rand_seed: 1621809097
2021-05-23 16:32:40,683 INFO     test_ai_mod.carbon_tasks.crawl_build_task -- test_wildcard: *
2021-05-23 16:32:40,684 INFO     test_ai_mod.carbon_tasks.crawl_build_task -- package: None
2021-05-23 16:32:40,685 INFO     test_ai_mod.carbon_tasks.crawl_build_task -- eyes_api_key: None
2021-05-23 16:32:40,685 INFO     test_ai_mod.carbon_tasks.crawl_build_task -- is_noop: False
2021-05-23 16:32:40,687 INFO     test_ai_mod.carbon_tasks.crawl_build_task -- created crawl, id: 20210523163240
2021-05-23 16:32:40,687 INFO     test_ai_mod.carbon_dao.local_carbon_dao -- Getting build info: APP_ID: 29859d56-e89b-4fcb-996f-a105a2ff1d44, BUILD_ID: c06c2d60-ac4b-4c6d-8626-dc7c6a1d6939
2021-05-23 16:32:40,688 INFO     test_ai_mod.carbon_dao.local_carbon_dao -- Getting build info: APP_ID: 29859d56-e89b-4fcb-996f-a105a2ff1d44, BUILD_ID: c06c2d60-ac4b-4c6d-8626-dc7c6a1d6939
2021-05-23 16:32:40,734 INFO     werkzeug -- 127.0.0.1 - - [23/May/2021 16:32:40] "[37mGET /favicon.ico HTTP/1.1[0m" 200 -
2021-05-23 16:32:40,881 INFO     test_ai_mod.carbon_explore.explore -- using default extra walk count: 0
2021-05-23 16:32:40,884 INFO     test_ai_mod.carbon_dao.local_carbon_dao -- Getting build info: APP_ID: 29859d56-e89b-4fcb-996f-a105a2ff1d44, BUILD_ID: master
2021-05-23 16:32:40,884 INFO     test_ai_mod.carbon_tasks.process_crawl_task -- processing master crawl: (app: 29859d56-e89b-4fcb-996f-a105a2ff1d44)
2021-05-23 16:32:40,885 INFO     test_ai_mod.carbon_dao.local_carbon_dao -- Getting build info: APP_ID: 29859d56-e89b-4fcb-996f-a105a2ff1d44, BUILD_ID: master
2021-05-23 16:32:40,893 INFO     test_ai_mod.carbon_dao.local_carbon_dao -- Getting build info: APP_ID: 29859d56-e89b-4fcb-996f-a105a2ff1d44, BUILD_ID: master
2021-05-23 16:32:40,893 INFO     test_ai_mod.carbon_tasks.generate_auto_labels_task -- getting data for crawl: master
2021-05-23 16:32:40,895 INFO     test_ai_mod.carbon_tasks.generate_auto_labels_task -- processing crawl: master
2021-05-23 16:32:40,907 INFO     test_ai_mod.carbon_tasks.generate_auto_labels_task -- writing merged, suggested labels for crawl: master
2021-05-23 16:32:40,909 INFO     test_ai_mod.carbon_tasks.generate_auto_labels_task -- writing applied hashes to labels to file: /Users/bot/test_ai/apps/29859d56-e89b-4fcb-996f-a105a2ff1d44/lkg/hashes_to_labels.json
2021-05-23 16:32:40,910 INFO     test_ai_mod.carbon_tasks.generate_auto_labels_task -- writing applied human readable to labels to file: /Users/bot/test_ai/apps/29859d56-e89b-4fcb-996f-a105a2ff1d44/lkg/human_readable_to_labels.json
2021-05-23 16:32:40,910 INFO     test_ai_mod.carbon_tasks.generate_auto_labels_task -- writing label to hash dicts to file: /Users/bot/test_ai/apps/29859d56-e89b-4fcb-996f-a105a2ff1d44/lkg/label_to_hash_dicts.json
2021-05-23 16:32:40,910 INFO     test_ai_mod.carbon_tasks.generate_auto_labels_task -- writing human readable to paths to file: /Users/bot/test_ai/apps/29859d56-e89b-4fcb-996f-a105a2ff1d44/lkg/human_readable_to_paths.json
2021-05-23 16:32:40,911 INFO     test_ai_mod.carbon_tasks.crawl_build_task -- initiating walk [1/1]
2021-05-23 16:32:40,911 INFO     test_ai_mod.carbon_test_case.carbon_tests -- initial number of steps for walk: 25
2021-05-23 16:32:40,911 INFO     test_ai_mod.carbon_tasks.crawl_build_task -- effective_max_steps this walk: 26
2021-05-23 16:32:40,912 INFO     test_ai_mod.carbon_explore.explore -- **************************************************
2021-05-23 16:32:40,912 INFO     test_ai_mod.carbon_explore.explore -- **************************************************
2021-05-23 16:32:40,912 INFO     test_ai_mod.carbon_explore.explore -- *                                                *
2021-05-23 16:32:40,912 INFO     test_ai_mod.carbon_explore.explore -- *                   BRAIN                    *
2021-05-23 16:32:40,912 INFO     test_ai_mod.carbon_explore.explore -- *                                                *
2021-05-23 16:32:40,912 INFO     test_ai_mod.carbon_explore.explore -- **************************************************
2021-05-23 16:32:40,912 INFO     test_ai_mod.carbon_explore.explore -- **************************************************
2021-05-23 16:32:40,913 INFO     test_ai_mod.carbon_initialization.initialization -- Random seed: 1621809097
2021-05-23 16:32:40,913 INFO     test_ai_mod.carbon_initialization.initialization -- ````````````````````````````````````````````````````````````````````````````````
2021-05-23 16:32:40,914 INFO     test_ai_mod.carbon_initialization.initialization --                   PACKAGE: 29859d56-e89b-4fcb-996f-a105a2ff1d44
2021-05-23 16:32:40,914 INFO     test_ai_mod.carbon_initialization.initialization -- ````````````````````````````````````````````````````````````````````````````````
2021-05-23 16:32:40,914 INFO     test_ai_mod.carbon_initialization.initialization -- platform: DESKTOP_CHROME
2021-05-23 16:32:40,914 INFO     test_ai_mod.carbon_initialization.initialization -- using crawl_directory: /Users/bot/test_ai/apps/29859d56-e89b-4fcb-996f-a105a2ff1d44/builds/c06c2d60-ac4b-4c6d-8626-dc7c6a1d6939/crawls/20210523163240
2021-05-23 16:32:40,914 INFO     test_ai_mod.carbon_botio.bot_io -- retrieving bot IO for app: 29859d56-e89b-4fcb-996f-a105a2ff1d44
2021-05-23 16:32:40,914 INFO     test_ai_mod.carbon_botio.bot_io -- ^^^^^^^^^^^^^^^^^^^^^^^^^^^^^^^^^^^^^^^^^^^^^^^^^^^^^^^^^^^^^^^^^^^^^^^^^^^^^^^^
2021-05-23 16:32:40,914 INFO     test_ai_mod.carbon_botio.bot_io -- botio_filepath: /Users/bot/test_ai/apps/29859d56-e89b-4fcb-996f-a105a2ff1d44/lkg/botio.json
2021-05-23 16:32:40,914 INFO     test_ai_mod.carbon_botio.bot_io -- use_snapshot: False
2021-05-23 16:32:40,914 INFO     test_ai_mod.carbon_botio.bot_io -- no botIO found for app: 29859d56-e89b-4fcb-996f-a105a2ff1d44
2021-05-23 16:32:40,915 INFO     test_ai_mod.carbon_dao.carbon_data -- loading models from LKG dir
2021-05-23 16:32:40,915 INFO     test_ai_mod.carbon_dao.carbon_data -- loading models from LKG dir
2021-05-23 16:32:40,916 INFO     test_ai_mod.carbon_explore.test_hooks -- Test case is None, no need for on_setup.
2021-05-23 16:32:40,916 INFO     test_ai_mod.carbon_utils.simulator_tools -- preparing clean iteration state...
2021-05-23 16:32:40,916 INFO     test_ai_mod.carbon_utils.simulator_tools -- starting appium, platform: DESKTOP_CHROME
2021-05-23 16:32:40,917 INFO     test_ai_mod.carbon_utils.simulator_tools -- starting appium/webdriver for desktop chrome
2021-05-23 16:32:40,918 INFO     test_ai_mod.carbon_automation.automator -- Creating Automator Singleton
2021-05-23 16:32:40,918 INFO     test_ai_mod.carbon_automation.automator -- Using automator over http as execution platform
2021-05-23 16:32:40,965 INFO     test_ai_mod.carbon_dao.local_carbon_dao -- Getting build info: APP_ID: 29859d56-e89b-4fcb-996f-a105a2ff1d44, BUILD_ID: c06c2d60-ac4b-4c6d-8626-dc7c6a1d6939
2021-05-23 16:32:40,966 INFO     werkzeug -- 127.0.0.1 - - [23/May/2021 16:32:40] "[37mGET /api/v1/c/testai/apps/web/29859d56-e89b-4fcb-996f-a105a2ff1d44/tests HTTP/1.1[0m" 200 -
2021-05-23 16:32:40,974 INFO     werkzeug -- 127.0.0.1 - - [23/May/2021 16:32:40] "[37mGET /api/v1/config/widgets HTTP/1.1[0m" 200 -
2021-05-23 16:32:41,001 INFO     werkzeug -- 127.0.0.1 - - [23/May/2021 16:32:41] "[37mGET /api/v2/status HTTP/1.1[0m" 200 -
2021-05-23 16:32:43,196 INFO     test_ai_mod.carbon_automation.driver -- Screen density: 2.0
2021-05-23 16:32:43,333 INFO     test_ai_mod.carbon_utils.simulator_tools -- going to https://www.equinox.com
2021-05-23 16:32:49,901 INFO     werkzeug -- 127.0.0.1 - - [23/May/2021 16:32:49] "[37mGET /api/v2/status HTTP/1.1[0m" 200 -
2021-05-23 16:32:50,206 INFO     test_ai_mod.carbon_utils.simulator_tools -- completed setting url, additional time: 6.872345
2021-05-23 16:32:54,700 INFO     test_ai_mod.carbon_initialization.initialization -- starting dom stability
2021-05-23 16:32:54,742 INFO     test_ai_mod.carbon_actions.carbon_actions -- Got new page source
2021-05-23 16:32:54,904 INFO     test_ai_mod.carbon_actions.carbon_actions -- Got new page source
2021-05-23 16:32:55,057 INFO     test_ai_mod.carbon_actions.carbon_actions -- Got new page source
2021-05-23 16:32:55,221 INFO     test_ai_mod.carbon_actions.carbon_actions -- Got new page source
2021-05-23 16:32:55,384 INFO     test_ai_mod.carbon_actions.carbon_actions -- Got new page source
2021-05-23 16:32:55,386 INFO     test_ai_mod.carbon_actions.carbon_actions -- Seen the same screen the max amount (5)
2021-05-23 16:32:55,387 INFO     test_ai_mod.carbon_actions.carbon_actions -- incrementing source count to: 1
2021-05-23 16:32:55,387 INFO     test_ai_mod.carbon_explore.explore_utils -- saving screenshot
2021-05-23 16:32:57,469 INFO     test_ai_mod.carbon_explore.explore_utils -- scn_shot_file_path: /Users/bot/test_ai/apps/29859d56-e89b-4fcb-996f-a105a2ff1d44/builds/c06c2d60-ac4b-4c6d-8626-dc7c6a1d6939/crawls/20210523163240/tmp/runtime_labeling_screen.png
2021-05-23 16:32:57,509 INFO     test_ai_mod.carbon_initialization.initialization -- current package sent in as: 29859d56-e89b-4fcb-996f-a105a2ff1d44
2021-05-23 16:32:57,509 INFO     test_ai_mod.carbon_initialization.initialization -- ended dom stability
2021-05-23 16:32:57,511 INFO     test_ai_mod.carbon_explore.explore -- package is set to: 29859d56-e89b-4fcb-996f-a105a2ff1d44
2021-05-23 16:32:57,511 INFO     test_ai_mod.carbon_explore.explore -- ********************************************************************************
2021-05-23 16:32:57,511 INFO     test_ai_mod.carbon_explore.explore -- * TIMEOUT: None
2021-05-23 16:32:57,511 INFO     test_ai_mod.carbon_explore.explore -- * disable_bounceback: False
2021-05-23 16:32:57,511 INFO     test_ai_mod.carbon_explore.explore -- ********************************************************************************
2021-05-23 16:32:57,512 INFO     test_ai_mod.carbon_explore.explore -- getting walk queue
2021-05-23 16:32:57,512 INFO     test_ai_mod.carbon_explore.explore_utils -- getting screen_elems
2021-05-23 16:32:58,365 INFO     test_ai_mod.carbon_utils.scrape_utils -- Successfully collected web scrape.
2021-05-23 16:32:58,371 INFO     test_ai_mod.carbon_explore.explore_utils -- filtering elems - 61
2021-05-23 16:32:58,475 INFO     test_ai_mod.carbon_explore.explore_utils -- saving info - 57
2021-05-23 16:32:58,475 INFO     test_ai_mod.carbon_explore.explore_utils -- saving core elems iter: 0, step 0, save_dir: /Users/bot/test_ai/apps/29859d56-e89b-4fcb-996f-a105a2ff1d44/builds/c06c2d60-ac4b-4c6d-8626-dc7c6a1d6939/crawls/20210523163240
2021-05-23 16:32:58,491 INFO     test_ai_mod.carbon_explore.explore -- got all screen info saved
2021-05-23 16:32:58,492 INFO     test_ai_mod.carbon_explore.explore_utils -- saving core elems iter: 0, step 0, save_dir: /Users/bot/test_ai/apps/29859d56-e89b-4fcb-996f-a105a2ff1d44/builds/c06c2d60-ac4b-4c6d-8626-dc7c6a1d6939/crawls/20210523163240
2021-05-23 16:32:58,518 INFO     test_ai_mod.carbon_explore.result_storage -- LOG FILE PATH: /Users/bot/test_ai/apps/29859d56-e89b-4fcb-996f-a105a2ff1d44/builds/c06c2d60-ac4b-4c6d-8626-dc7c6a1d6939/crawls/20210523163240/iter_00000_step_00000_logs.txt
2021-05-23 16:32:58,518 INFO     test_ai_mod.carbon_explore.result_storage -- ALL LOGS FILE PATH: /Users/bot/test_ai/apps/29859d56-e89b-4fcb-996f-a105a2ff1d44/builds/c06c2d60-ac4b-4c6d-8626-dc7c6a1d6939/crawls/20210523163240/iter_00000_step_-0001_logs.txt
2021-05-23 16:32:58,541 INFO     test_ai_mod.carbon_explore.interactive -- Interactive explore -- start_interactive_loop starting.
2021-05-23 16:32:58,547 INFO     test_ai_mod.carbon_explore.interactive -- Interactive explore -- running initial auto label
2021-05-23 16:32:58,548 INFO     test_ai_mod.carbon_tasks.process_crawl_task -- processing crawl: 20210523163240 (app: 29859d56-e89b-4fcb-996f-a105a2ff1d44, build: c06c2d60-ac4b-4c6d-8626-dc7c6a1d6939)
2021-05-23 16:32:58,548 INFO     test_ai_mod.carbon_tasks.process_crawl_task -- processing screens for crawl
2021-05-23 16:32:58,784 INFO     test_ai_mod.carbon_tasks.process_crawl_task -- writing unique screens file
2021-05-23 16:32:58,784 INFO     test_ai_mod.carbon_tasks.process_crawl_task -- writing screen hash map
2021-05-23 16:32:58,786 INFO     test_ai_mod.carbon_tasks.process_crawl_task -- writing screen similarity file
2021-05-23 16:32:58,786 INFO     test_ai_mod.carbon_tasks.process_crawl_task -- processing elements for crawl
2021-05-23 16:32:58,789 INFO     test_ai_mod.carbon_tasks.process_crawl_task -- processing: iter_00000_step_00000_info.json
2021-05-23 16:32:59,254 INFO     test_ai_mod.carbon_tasks.process_crawl_task -- Writing unique tags file.
2021-05-23 16:32:59,255 INFO     test_ai_mod.carbon_tasks.process_crawl_task -- writing unique elems file
2021-05-23 16:32:59,255 INFO     test_ai_mod.carbon_tasks.process_crawl_task -- writing elem hash map
2021-05-23 16:32:59,260 INFO     test_ai_mod.carbon_tasks.process_crawl_task -- writing elem similarity file
2021-05-23 16:32:59,260 INFO     test_ai_mod.carbon_tasks.process_crawl_task -- generating labeler objects file for crawl (v0)
2021-05-23 16:32:59,268 INFO     test_ai_mod.carbon_tasks.process_crawl_task -- reconciling screens labeled at runtime
2021-05-23 16:32:59,268 INFO     test_ai_mod.carbon_tasks.process_crawl_task -- reconciling elements labeled at runtime
2021-05-23 16:32:59,272 INFO     test_ai_mod.carbon_tasks.generate_auto_labels_task -- generating auto labels for crawl: 20210523163240, app_id: 29859d56-e89b-4fcb-996f-a105a2ff1d44, build_id: c06c2d60-ac4b-4c6d-8626-dc7c6a1d6939
2021-05-23 16:32:59,273 INFO     test_ai_mod.carbon_dao.local_carbon_dao -- Getting build info: APP_ID: 29859d56-e89b-4fcb-996f-a105a2ff1d44, BUILD_ID: c06c2d60-ac4b-4c6d-8626-dc7c6a1d6939
2021-05-23 16:32:59,274 INFO     test_ai_mod.carbon_dao.local_carbon_dao -- Getting build info: APP_ID: 29859d56-e89b-4fcb-996f-a105a2ff1d44, BUILD_ID: c06c2d60-ac4b-4c6d-8626-dc7c6a1d6939
2021-05-23 16:32:59,274 INFO     test_ai_mod.carbon_dao.local_carbon_dao -- Getting build info: APP_ID: 29859d56-e89b-4fcb-996f-a105a2ff1d44, BUILD_ID: c06c2d60-ac4b-4c6d-8626-dc7c6a1d6939
2021-05-23 16:32:59,275 INFO     test_ai_mod.carbon_dao.local_carbon_dao -- Getting build info: APP_ID: 29859d56-e89b-4fcb-996f-a105a2ff1d44, BUILD_ID: master
2021-05-23 16:32:59,275 INFO     test_ai_mod.carbon_tasks.generate_auto_labels_task -- getting data for crawl: 20210523154310
2021-05-23 16:32:59,276 INFO     test_ai_mod.carbon_tasks.generate_auto_labels_task -- getting data for crawl: 20210523163240
2021-05-23 16:32:59,276 INFO     test_ai_mod.carbon_tasks.generate_auto_labels_task -- getting data for crawl: master
2021-05-23 16:32:59,278 INFO     test_ai_mod.carbon_tasks.generate_auto_labels_task -- processing crawl: 20210523154310
2021-05-23 16:32:59,279 INFO     test_ai_mod.carbon_tasks.generate_auto_labels_task -- processing crawl: 20210523163240
2021-05-23 16:32:59,279 INFO     test_ai_mod.carbon_tasks.generate_auto_labels_task -- processing crawl: master
2021-05-23 16:32:59,293 INFO     test_ai_mod.carbon_tasks.generate_auto_labels_task -- writing merged, suggested labels for crawl: 20210523163240
2021-05-23 16:32:59,294 INFO     test_ai_mod.carbon_tasks.generate_auto_labels_task -- writing merged, suggested labels for crawl: 20210523154310
2021-05-23 16:32:59,294 INFO     test_ai_mod.carbon_tasks.generate_auto_labels_task -- writing merged, suggested labels for crawl: master
2021-05-23 16:32:59,296 INFO     test_ai_mod.carbon_tasks.generate_auto_labels_task -- writing applied hashes to labels to file: /Users/bot/test_ai/apps/29859d56-e89b-4fcb-996f-a105a2ff1d44/lkg/hashes_to_labels.json
2021-05-23 16:32:59,297 INFO     test_ai_mod.carbon_tasks.generate_auto_labels_task -- writing applied human readable to labels to file: /Users/bot/test_ai/apps/29859d56-e89b-4fcb-996f-a105a2ff1d44/lkg/human_readable_to_labels.json
2021-05-23 16:32:59,297 INFO     test_ai_mod.carbon_tasks.generate_auto_labels_task -- writing label to hash dicts to file: /Users/bot/test_ai/apps/29859d56-e89b-4fcb-996f-a105a2ff1d44/lkg/label_to_hash_dicts.json
2021-05-23 16:32:59,297 INFO     test_ai_mod.carbon_tasks.generate_auto_labels_task -- writing human readable to paths to file: /Users/bot/test_ai/apps/29859d56-e89b-4fcb-996f-a105a2ff1d44/lkg/human_readable_to_paths.json
2021-05-23 16:32:59,298 INFO     test_ai_mod.carbon_classifiers.label_classifier_pipe -- Begin loading configured modules
2021-05-23 16:32:59,298 INFO     test_ai_mod.carbon_classifiers.carbon_classifier_v1.screen_classifier -- Loading ScreenClassifier
2021-05-23 16:32:59,298 INFO     test_ai_mod.carbon_classifiers.template_matching.app_specific_template_matcher -- Loading AppSpecificTemplateMatcher
2021-05-23 16:32:59,298 INFO     test_ai_mod.carbon_classifiers.perceptual.nn_classifier -- Loading NNClassifier
2021-05-23 16:32:59,298 INFO     test_ai_mod.carbon_classifiers.template_matching.template_matching_classifier -- Loading TemplateMatchingClassifier
2021-05-23 16:32:59,298 WARNING  test_ai_mod.carbon_classifiers.template_matching.template_matching_classifier -- No template director exists at /Users/bot/test_ai/templates
2021-05-23 16:32:59,299 INFO     test_ai_mod.carbon_classifiers.general_classifier_v1.general_classifier -- Initializing general classifiers
2021-05-23 16:32:59,299 INFO     test_ai_mod.carbon_classifiers.general_classifier_v1.general_classifier -- loading classifier data: SCREENS, from path: /Applications/test_ai.app/Contents/MacOS/SCREENS
2021-05-23 16:32:59,299 ERROR    test_ai_mod.carbon_classifiers.general_classifier_v1.general_classifier -- Failed to load general classifier data: SCREENS
2021-05-23 16:32:59,299 INFO     test_ai_mod.carbon_classifiers.http_classifier.http_classifier -- Loaded Http Classifier for ""
2021-05-23 16:32:59,300 INFO     test_ai_mod.carbon_tasks.generate_auto_labels_task -- classifying 1 unique screens
2021-05-23 16:32:59,300 INFO     test_ai_mod.carbon_dao.carbon_data -- loading models from LKG dir
2021-05-23 16:32:59,300 INFO     test_ai_mod.carbon_dao.carbon_data -- loading models from LKG dir
2021-05-23 16:32:59,313 INFO     test_ai_mod.carbon_classifiers.label_classifier_pipe -- Begin labeling elements
2021-05-23 16:32:59,329 INFO     test_ai_mod.carbon_classifiers.template_matching.app_specific_template_matcher -- Classifying screen with AppSpecificTemplateMatcher
2021-05-23 16:32:59,329 INFO     test_ai_mod.carbon_classifiers.perceptual.nn_classifier -- Classifying screen with NNClassifier
2021-05-23 16:32:59,413 INFO     test_ai_mod.carbon_classifiers.label_classifier_pipe -- End labeling elements: Time taken 0.0996367931366 seconds
2021-05-23 16:32:59,414 INFO     test_ai_mod.carbon_tasks.generate_auto_labels_task -- classifying 57 unique elems
2021-05-23 16:32:59,418 INFO     test_ai_mod.carbon_dao.carbon_data -- loading models from LKG dir
2021-05-23 16:32:59,418 INFO     test_ai_mod.carbon_dao.carbon_data -- loading models from LKG dir
2021-05-23 16:32:59,418 INFO     test_ai_mod.carbon_classifiers.label_classifier_pipe -- Begin labeling elements
2021-05-23 16:32:59,432 INFO     test_ai_mod.carbon_classifiers.template_matching.app_specific_template_matcher -- Classifying screen with AppSpecificTemplateMatcher
2021-05-23 16:32:59,433 INFO     test_ai_mod.carbon_classifiers.perceptual.nn_classifier -- Classifying screen with NNClassifier
2021-05-23 16:32:59,557 INFO     test_ai_mod.carbon_classifiers.perceptual.nn_classifier -- elem classified: lnk_locations, score: 1.0
2021-05-23 16:32:59,558 INFO     test_ai_mod.carbon_classifiers.perceptual.nn_classifier -- elem classified: btn_chat_with_us, score: 1.0
2021-05-23 16:32:59,573 INFO     test_ai_mod.carbon_classifiers.label_classifier_pipe -- End labeling elements: Time taken 0.154797077179 seconds
2021-05-23 16:32:59,574 INFO     test_ai_mod.carbon_tasks.generate_auto_labels_task -- writing merged, suggested labels for crawl: 20210523163240
2021-05-23 16:32:59,575 INFO     test_ai_mod.carbon_explore.interactive -- 


[32;1mCarbon Interactive Crawling Session Starting...
Please make sure you are running the test.ai GUI (./test.ai -d).
Once the GUI is running, please visit [34mhttp://localhost:5000[32;1m.
To access the interactive session, select the correct app, and click on "Live Labeling".

[0m
2021-05-23 16:33:04,919 INFO     test_ai_mod.carbon_explore.interactive -- Interactive explore -- status -- start
2021-05-23 16:33:04,920 INFO     test_ai_mod.carbon_explore.interactive -- Interactive explore -- status -- end
2021-05-23 16:33:04,961 INFO     test_ai_mod.carbon_explore.interactive -- Interactive explore -- get_crawls(web, 29859d56-e89b-4fcb-996f-a105a2ff1d44) -- start
2021-05-23 16:33:04,964 INFO     test_ai_mod.carbon_explore.interactive -- Interactive explore -- get_crawls(web, 29859d56-e89b-4fcb-996f-a105a2ff1d44) -- end
2021-05-23 16:33:05,001 INFO     test_ai_mod.carbon_explore.interactive -- Interactive explore -- get_labeler_objects -- start
2021-05-23 16:33:05,005 INFO     test_ai_mod.carbon_explore.interactive -- Interactive explore -- Processing crawl interactively 20210523163240
2021-05-23 16:33:05,006 INFO     test_ai_mod.carbon_tasks.process_crawl_task -- processing crawl: 20210523163240 (app: 29859d56-e89b-4fcb-996f-a105a2ff1d44, build: c06c2d60-ac4b-4c6d-8626-dc7c6a1d6939)
2021-05-23 16:33:05,006 INFO     test_ai_mod.carbon_tasks.process_crawl_task -- processing screens for crawl
2021-05-23 16:33:05,150 INFO     test_ai_mod.carbon_dao.local_carbon_dao -- Getting build info: APP_ID: 29859d56-e89b-4fcb-996f-a105a2ff1d44, BUILD_ID: c06c2d60-ac4b-4c6d-8626-dc7c6a1d6939
2021-05-23 16:33:05,319 INFO     test_ai_mod.carbon_tasks.process_crawl_task -- writing unique screens file
2021-05-23 16:33:05,320 INFO     test_ai_mod.carbon_tasks.process_crawl_task -- writing screen hash map
2021-05-23 16:33:05,322 INFO     test_ai_mod.carbon_tasks.process_crawl_task -- writing screen similarity file
2021-05-23 16:33:05,323 INFO     test_ai_mod.carbon_tasks.process_crawl_task -- processing elements for crawl
2021-05-23 16:33:05,325 INFO     test_ai_mod.carbon_tasks.process_crawl_task -- skipping already processed: iter_00000_step_00000_info.json
2021-05-23 16:33:05,479 INFO     test_ai_mod.carbon_tasks.process_crawl_task -- Writing unique tags file.
2021-05-23 16:33:05,479 INFO     test_ai_mod.carbon_tasks.process_crawl_task -- writing unique elems file
2021-05-23 16:33:05,479 INFO     test_ai_mod.carbon_tasks.process_crawl_task -- writing elem hash map
2021-05-23 16:33:05,485 INFO     test_ai_mod.carbon_tasks.process_crawl_task -- writing elem similarity file
2021-05-23 16:33:05,485 INFO     test_ai_mod.carbon_tasks.process_crawl_task -- generating labeler objects file for crawl (v0)
2021-05-23 16:33:05,493 INFO     test_ai_mod.carbon_tasks.process_crawl_task -- reconciling screens labeled at runtime
2021-05-23 16:33:05,494 INFO     test_ai_mod.carbon_tasks.process_crawl_task -- reconciling elements labeled at runtime
2021-05-23 16:33:05,498 INFO     test_ai_mod.carbon_explore.interactive -- Interactive explore -- Generating labels using hash information 20210523163240
2021-05-23 16:33:05,501 INFO     test_ai_mod.carbon_explore.interactive -- Interactive explore -- get_labeler_objects -- end
2021-05-23 16:33:05,872 INFO     test_ai_mod.carbon_dao.local_carbon_dao -- Getting build info: APP_ID: 29859d56-e89b-4fcb-996f-a105a2ff1d44, BUILD_ID: c06c2d60-ac4b-4c6d-8626-dc7c6a1d6939
2021-05-23 16:33:05,877 INFO     test_ai_mod.labeler.v1.crawls -- elem image requested, crawl: 20210523163240, filename: iter_00000_step_00000_53_a.png
2021-05-23 16:33:05,878 INFO     test_ai_mod.carbon_dao.local_carbon_dao -- Getting build info: APP_ID: 29859d56-e89b-4fcb-996f-a105a2ff1d44, BUILD_ID: c06c2d60-ac4b-4c6d-8626-dc7c6a1d6939
2021-05-23 16:33:05,882 INFO     test_ai_mod.labeler.v1.crawls -- resolved to: /Users/bot/test_ai/apps/29859d56-e89b-4fcb-996f-a105a2ff1d44/builds/c06c2d60-ac4b-4c6d-8626-dc7c6a1d6939/crawls/20210523163240/elems/iter_00000_step_00000_53_a.png
2021-05-23 16:33:05,900 INFO     test_ai_mod.labeler.v1.crawls -- elem image requested, crawl: 20210523163240, filename: iter_00000_step_00000_36_span.png
2021-05-23 16:33:05,904 INFO     test_ai_mod.carbon_dao.local_carbon_dao -- Getting build info: APP_ID: 29859d56-e89b-4fcb-996f-a105a2ff1d44, BUILD_ID: c06c2d60-ac4b-4c6d-8626-dc7c6a1d6939
2021-05-23 16:33:05,906 INFO     test_ai_mod.labeler.v1.crawls -- resolved to: /Users/bot/test_ai/apps/29859d56-e89b-4fcb-996f-a105a2ff1d44/builds/c06c2d60-ac4b-4c6d-8626-dc7c6a1d6939/crawls/20210523163240/elems/iter_00000_step_00000_36_span.png
2021-05-23 16:33:05,941 INFO     test_ai_mod.labeler.v1.crawls -- elem image requested, crawl: 20210523163240, filename: iter_00000_step_00000_1_span.png
2021-05-23 16:33:05,942 INFO     test_ai_mod.carbon_dao.local_carbon_dao -- Getting build info: APP_ID: 29859d56-e89b-4fcb-996f-a105a2ff1d44, BUILD_ID: c06c2d60-ac4b-4c6d-8626-dc7c6a1d6939
2021-05-23 16:33:05,943 INFO     test_ai_mod.labeler.v1.crawls -- resolved to: /Users/bot/test_ai/apps/29859d56-e89b-4fcb-996f-a105a2ff1d44/builds/c06c2d60-ac4b-4c6d-8626-dc7c6a1d6939/crawls/20210523163240/elems/iter_00000_step_00000_1_span.png
2021-05-23 16:33:05,993 INFO     test_ai_mod.labeler.v1.crawls -- elem image requested, crawl: 20210523163240, filename: iter_00000_step_00000_23_div.png
2021-05-23 16:33:05,994 INFO     test_ai_mod.carbon_dao.local_carbon_dao -- Getting build info: APP_ID: 29859d56-e89b-4fcb-996f-a105a2ff1d44, BUILD_ID: c06c2d60-ac4b-4c6d-8626-dc7c6a1d6939
2021-05-23 16:33:05,995 INFO     test_ai_mod.labeler.v1.crawls -- resolved to: /Users/bot/test_ai/apps/29859d56-e89b-4fcb-996f-a105a2ff1d44/builds/c06c2d60-ac4b-4c6d-8626-dc7c6a1d6939/crawls/20210523163240/elems/iter_00000_step_00000_23_div.png
2021-05-23 16:33:06,087 INFO     test_ai_mod.carbon_dao.local_carbon_dao -- Getting build info: APP_ID: 29859d56-e89b-4fcb-996f-a105a2ff1d44, BUILD_ID: c06c2d60-ac4b-4c6d-8626-dc7c6a1d6939
2021-05-23 16:33:06,184 INFO     test_ai_mod.labeler.v1.crawls -- elem image requested, crawl: 20210523163240, filename: iter_00000_step_00000_22_div.png
2021-05-23 16:33:06,188 INFO     test_ai_mod.labeler.v1.crawls -- elem image requested, crawl: 20210523163240, filename: iter_00000_step_00000_50_span.png
2021-05-23 16:33:06,190 INFO     test_ai_mod.carbon_dao.local_carbon_dao -- Getting build info: APP_ID: 29859d56-e89b-4fcb-996f-a105a2ff1d44, BUILD_ID: c06c2d60-ac4b-4c6d-8626-dc7c6a1d6939
2021-05-23 16:33:06,191 INFO     test_ai_mod.carbon_dao.local_carbon_dao -- Getting build info: APP_ID: 29859d56-e89b-4fcb-996f-a105a2ff1d44, BUILD_ID: c06c2d60-ac4b-4c6d-8626-dc7c6a1d6939
2021-05-23 16:33:06,193 INFO     test_ai_mod.labeler.v1.crawls -- resolved to: /Users/bot/test_ai/apps/29859d56-e89b-4fcb-996f-a105a2ff1d44/builds/c06c2d60-ac4b-4c6d-8626-dc7c6a1d6939/crawls/20210523163240/elems/iter_00000_step_00000_50_span.png
2021-05-23 16:33:06,194 INFO     test_ai_mod.labeler.v1.crawls -- resolved to: /Users/bot/test_ai/apps/29859d56-e89b-4fcb-996f-a105a2ff1d44/builds/c06c2d60-ac4b-4c6d-8626-dc7c6a1d6939/crawls/20210523163240/elems/iter_00000_step_00000_22_div.png
2021-05-23 16:33:06,286 INFO     test_ai_mod.labeler.v1.crawls -- elem image requested, crawl: 20210523163240, filename: iter_00000_step_00000_40_a.png
2021-05-23 16:33:06,287 INFO     test_ai_mod.carbon_dao.local_carbon_dao -- Getting build info: APP_ID: 29859d56-e89b-4fcb-996f-a105a2ff1d44, BUILD_ID: c06c2d60-ac4b-4c6d-8626-dc7c6a1d6939
2021-05-23 16:33:06,289 INFO     test_ai_mod.labeler.v1.crawls -- resolved to: /Users/bot/test_ai/apps/29859d56-e89b-4fcb-996f-a105a2ff1d44/builds/c06c2d60-ac4b-4c6d-8626-dc7c6a1d6939/crawls/20210523163240/elems/iter_00000_step_00000_40_a.png
2021-05-23 16:33:06,369 INFO     test_ai_mod.labeler.v1.crawls -- elem image requested, crawl: 20210523163240, filename: iter_00000_step_00000_44_button.png
2021-05-23 16:33:06,370 INFO     test_ai_mod.carbon_dao.local_carbon_dao -- Getting build info: APP_ID: 29859d56-e89b-4fcb-996f-a105a2ff1d44, BUILD_ID: c06c2d60-ac4b-4c6d-8626-dc7c6a1d6939
2021-05-23 16:33:06,372 INFO     test_ai_mod.labeler.v1.crawls -- resolved to: /Users/bot/test_ai/apps/29859d56-e89b-4fcb-996f-a105a2ff1d44/builds/c06c2d60-ac4b-4c6d-8626-dc7c6a1d6939/crawls/20210523163240/elems/iter_00000_step_00000_44_button.png
2021-05-23 16:33:06,478 INFO     test_ai_mod.labeler.v1.crawls -- elem image requested, crawl: 20210523163240, filename: iter_00000_step_00000_2_span.png
2021-05-23 16:33:06,479 INFO     test_ai_mod.carbon_dao.local_carbon_dao -- Getting build info: APP_ID: 29859d56-e89b-4fcb-996f-a105a2ff1d44, BUILD_ID: c06c2d60-ac4b-4c6d-8626-dc7c6a1d6939
2021-05-23 16:33:06,480 INFO     test_ai_mod.labeler.v1.crawls -- resolved to: /Users/bot/test_ai/apps/29859d56-e89b-4fcb-996f-a105a2ff1d44/builds/c06c2d60-ac4b-4c6d-8626-dc7c6a1d6939/crawls/20210523163240/elems/iter_00000_step_00000_2_span.png
2021-05-23 16:33:06,577 INFO     test_ai_mod.labeler.v1.crawls -- elem image requested, crawl: 20210523163240, filename: iter_00000_step_00000_9_span.png
2021-05-23 16:33:06,579 INFO     test_ai_mod.carbon_dao.local_carbon_dao -- Getting build info: APP_ID: 29859d56-e89b-4fcb-996f-a105a2ff1d44, BUILD_ID: c06c2d60-ac4b-4c6d-8626-dc7c6a1d6939
2021-05-23 16:33:06,580 INFO     test_ai_mod.carbon_dao.local_carbon_dao -- Getting build info: APP_ID: 29859d56-e89b-4fcb-996f-a105a2ff1d44, BUILD_ID: c06c2d60-ac4b-4c6d-8626-dc7c6a1d6939
2021-05-23 16:33:06,582 INFO     test_ai_mod.labeler.v1.crawls -- resolved to: /Users/bot/test_ai/apps/29859d56-e89b-4fcb-996f-a105a2ff1d44/builds/c06c2d60-ac4b-4c6d-8626-dc7c6a1d6939/crawls/20210523163240/elems/iter_00000_step_00000_9_span.png
2021-05-23 16:33:06,608 INFO     test_ai_mod.labeler.v1.crawls -- elem image requested, crawl: 20210523163240, filename: iter_00000_step_00000_10_span.png
2021-05-23 16:33:06,610 INFO     test_ai_mod.carbon_dao.local_carbon_dao -- Getting build info: APP_ID: 29859d56-e89b-4fcb-996f-a105a2ff1d44, BUILD_ID: c06c2d60-ac4b-4c6d-8626-dc7c6a1d6939
2021-05-23 16:33:06,611 INFO     test_ai_mod.labeler.v1.crawls -- resolved to: /Users/bot/test_ai/apps/29859d56-e89b-4fcb-996f-a105a2ff1d44/builds/c06c2d60-ac4b-4c6d-8626-dc7c6a1d6939/crawls/20210523163240/elems/iter_00000_step_00000_10_span.png
2021-05-23 16:33:06,769 INFO     test_ai_mod.labeler.v1.crawls -- elem image requested, crawl: 20210523163240, filename: iter_00000_step_00000_5_div.png
2021-05-23 16:33:06,770 INFO     test_ai_mod.carbon_dao.local_carbon_dao -- Getting build info: APP_ID: 29859d56-e89b-4fcb-996f-a105a2ff1d44, BUILD_ID: c06c2d60-ac4b-4c6d-8626-dc7c6a1d6939
2021-05-23 16:33:06,771 INFO     test_ai_mod.labeler.v1.crawls -- resolved to: /Users/bot/test_ai/apps/29859d56-e89b-4fcb-996f-a105a2ff1d44/builds/c06c2d60-ac4b-4c6d-8626-dc7c6a1d6939/crawls/20210523163240/elems/iter_00000_step_00000_5_div.png
2021-05-23 16:33:06,781 INFO     test_ai_mod.labeler.v1.crawls -- elem image requested, crawl: 20210523163240, filename: iter_00000_step_00000_49_h1.png
2021-05-23 16:33:06,783 INFO     test_ai_mod.carbon_dao.local_carbon_dao -- Getting build info: APP_ID: 29859d56-e89b-4fcb-996f-a105a2ff1d44, BUILD_ID: c06c2d60-ac4b-4c6d-8626-dc7c6a1d6939
2021-05-23 16:33:06,785 INFO     test_ai_mod.labeler.v1.crawls -- resolved to: /Users/bot/test_ai/apps/29859d56-e89b-4fcb-996f-a105a2ff1d44/builds/c06c2d60-ac4b-4c6d-8626-dc7c6a1d6939/crawls/20210523163240/elems/iter_00000_step_00000_49_h1.png
2021-05-23 16:33:06,883 INFO     test_ai_mod.labeler.v1.crawls -- elem image requested, crawl: 20210523163240, filename: iter_00000_step_00000_32_span.png
2021-05-23 16:33:06,885 INFO     test_ai_mod.carbon_dao.local_carbon_dao -- Getting build info: APP_ID: 29859d56-e89b-4fcb-996f-a105a2ff1d44, BUILD_ID: c06c2d60-ac4b-4c6d-8626-dc7c6a1d6939
2021-05-23 16:33:06,887 INFO     test_ai_mod.labeler.v1.crawls -- resolved to: /Users/bot/test_ai/apps/29859d56-e89b-4fcb-996f-a105a2ff1d44/builds/c06c2d60-ac4b-4c6d-8626-dc7c6a1d6939/crawls/20210523163240/elems/iter_00000_step_00000_32_span.png
2021-05-23 16:33:06,979 INFO     test_ai_mod.labeler.v1.crawls -- elem image requested, crawl: 20210523163240, filename: iter_00000_step_00000_18_button.png
2021-05-23 16:33:06,982 INFO     test_ai_mod.labeler.v1.crawls -- elem image requested, crawl: 20210523163240, filename: iter_00000_step_00000_42_a.png
2021-05-23 16:33:06,984 INFO     test_ai_mod.carbon_dao.local_carbon_dao -- Getting build info: APP_ID: 29859d56-e89b-4fcb-996f-a105a2ff1d44, BUILD_ID: c06c2d60-ac4b-4c6d-8626-dc7c6a1d6939
2021-05-23 16:33:06,984 INFO     test_ai_mod.carbon_dao.local_carbon_dao -- Getting build info: APP_ID: 29859d56-e89b-4fcb-996f-a105a2ff1d44, BUILD_ID: c06c2d60-ac4b-4c6d-8626-dc7c6a1d6939
2021-05-23 16:33:06,987 INFO     test_ai_mod.labeler.v1.crawls -- resolved to: /Users/bot/test_ai/apps/29859d56-e89b-4fcb-996f-a105a2ff1d44/builds/c06c2d60-ac4b-4c6d-8626-dc7c6a1d6939/crawls/20210523163240/elems/iter_00000_step_00000_42_a.png
2021-05-23 16:33:06,988 INFO     test_ai_mod.labeler.v1.crawls -- resolved to: /Users/bot/test_ai/apps/29859d56-e89b-4fcb-996f-a105a2ff1d44/builds/c06c2d60-ac4b-4c6d-8626-dc7c6a1d6939/crawls/20210523163240/elems/iter_00000_step_00000_18_button.png
2021-05-23 16:33:07,078 INFO     test_ai_mod.labeler.v1.crawls -- elem image requested, crawl: 20210523163240, filename: iter_00000_step_00000_41_div.png
2021-05-23 16:33:07,078 INFO     test_ai_mod.carbon_dao.local_carbon_dao -- Getting build info: APP_ID: 29859d56-e89b-4fcb-996f-a105a2ff1d44, BUILD_ID: c06c2d60-ac4b-4c6d-8626-dc7c6a1d6939
2021-05-23 16:33:07,080 INFO     test_ai_mod.labeler.v1.crawls -- resolved to: /Users/bot/test_ai/apps/29859d56-e89b-4fcb-996f-a105a2ff1d44/builds/c06c2d60-ac4b-4c6d-8626-dc7c6a1d6939/crawls/20210523163240/elems/iter_00000_step_00000_41_div.png
2021-05-23 16:33:07,182 INFO     test_ai_mod.labeler.v1.crawls -- elem image requested, crawl: 20210523163240, filename: iter_00000_step_00000_48_a.png
2021-05-23 16:33:07,185 INFO     test_ai_mod.labeler.v1.crawls -- elem image requested, crawl: 20210523163240, filename: iter_00000_step_00000_34_a.png
2021-05-23 16:33:07,186 INFO     test_ai_mod.carbon_dao.local_carbon_dao -- Getting build info: APP_ID: 29859d56-e89b-4fcb-996f-a105a2ff1d44, BUILD_ID: c06c2d60-ac4b-4c6d-8626-dc7c6a1d6939
2021-05-23 16:33:07,186 INFO     test_ai_mod.carbon_dao.local_carbon_dao -- Getting build info: APP_ID: 29859d56-e89b-4fcb-996f-a105a2ff1d44, BUILD_ID: c06c2d60-ac4b-4c6d-8626-dc7c6a1d6939
2021-05-23 16:33:07,188 INFO     test_ai_mod.labeler.v1.crawls -- resolved to: /Users/bot/test_ai/apps/29859d56-e89b-4fcb-996f-a105a2ff1d44/builds/c06c2d60-ac4b-4c6d-8626-dc7c6a1d6939/crawls/20210523163240/elems/iter_00000_step_00000_48_a.png
2021-05-23 16:33:07,190 INFO     test_ai_mod.labeler.v1.crawls -- resolved to: /Users/bot/test_ai/apps/29859d56-e89b-4fcb-996f-a105a2ff1d44/builds/c06c2d60-ac4b-4c6d-8626-dc7c6a1d6939/crawls/20210523163240/elems/iter_00000_step_00000_34_a.png
2021-05-23 16:33:07,379 INFO     test_ai_mod.labeler.v1.crawls -- elem image requested, crawl: 20210523163240, filename: iter_00000_step_00000_55_a.png
2021-05-23 16:33:07,380 INFO     test_ai_mod.carbon_dao.local_carbon_dao -- Getting build info: APP_ID: 29859d56-e89b-4fcb-996f-a105a2ff1d44, BUILD_ID: c06c2d60-ac4b-4c6d-8626-dc7c6a1d6939
2021-05-23 16:33:07,382 INFO     test_ai_mod.labeler.v1.crawls -- resolved to: /Users/bot/test_ai/apps/29859d56-e89b-4fcb-996f-a105a2ff1d44/builds/c06c2d60-ac4b-4c6d-8626-dc7c6a1d6939/crawls/20210523163240/elems/iter_00000_step_00000_55_a.png
2021-05-23 16:33:07,478 INFO     test_ai_mod.labeler.v1.crawls -- elem image requested, crawl: 20210523163240, filename: iter_00000_step_00000_26_a.png
2021-05-23 16:33:07,479 INFO     test_ai_mod.labeler.v1.crawls -- elem image requested, crawl: 20210523163240, filename: iter_00000_step_00000_56_div.png
2021-05-23 16:33:07,483 INFO     test_ai_mod.carbon_dao.local_carbon_dao -- Getting build info: APP_ID: 29859d56-e89b-4fcb-996f-a105a2ff1d44, BUILD_ID: c06c2d60-ac4b-4c6d-8626-dc7c6a1d6939
2021-05-23 16:33:07,483 INFO     test_ai_mod.carbon_dao.local_carbon_dao -- Getting build info: APP_ID: 29859d56-e89b-4fcb-996f-a105a2ff1d44, BUILD_ID: c06c2d60-ac4b-4c6d-8626-dc7c6a1d6939
2021-05-23 16:33:07,485 INFO     test_ai_mod.labeler.v1.crawls -- elem image requested, crawl: 20210523163240, filename: iter_00000_step_00000_46_span.png
2021-05-23 16:33:07,486 INFO     test_ai_mod.labeler.v1.crawls -- resolved to: /Users/bot/test_ai/apps/29859d56-e89b-4fcb-996f-a105a2ff1d44/builds/c06c2d60-ac4b-4c6d-8626-dc7c6a1d6939/crawls/20210523163240/elems/iter_00000_step_00000_26_a.png
2021-05-23 16:33:07,490 INFO     test_ai_mod.labeler.v1.crawls -- resolved to: /Users/bot/test_ai/apps/29859d56-e89b-4fcb-996f-a105a2ff1d44/builds/c06c2d60-ac4b-4c6d-8626-dc7c6a1d6939/crawls/20210523163240/elems/iter_00000_step_00000_56_div.png
2021-05-23 16:33:07,491 INFO     test_ai_mod.carbon_dao.local_carbon_dao -- Getting build info: APP_ID: 29859d56-e89b-4fcb-996f-a105a2ff1d44, BUILD_ID: c06c2d60-ac4b-4c6d-8626-dc7c6a1d6939
2021-05-23 16:33:07,499 INFO     test_ai_mod.labeler.v1.crawls -- resolved to: /Users/bot/test_ai/apps/29859d56-e89b-4fcb-996f-a105a2ff1d44/builds/c06c2d60-ac4b-4c6d-8626-dc7c6a1d6939/crawls/20210523163240/elems/iter_00000_step_00000_46_span.png
2021-05-23 16:33:07,583 INFO     test_ai_mod.labeler.v1.crawls -- elem image requested, crawl: 20210523163240, filename: iter_00000_step_00000_29_img.png
2021-05-23 16:33:07,584 INFO     test_ai_mod.carbon_dao.local_carbon_dao -- Getting build info: APP_ID: 29859d56-e89b-4fcb-996f-a105a2ff1d44, BUILD_ID: c06c2d60-ac4b-4c6d-8626-dc7c6a1d6939
2021-05-23 16:33:07,585 INFO     test_ai_mod.labeler.v1.crawls -- resolved to: /Users/bot/test_ai/apps/29859d56-e89b-4fcb-996f-a105a2ff1d44/builds/c06c2d60-ac4b-4c6d-8626-dc7c6a1d6939/crawls/20210523163240/elems/iter_00000_step_00000_29_img.png
2021-05-23 16:33:07,678 INFO     test_ai_mod.labeler.v1.crawls -- elem image requested, crawl: 20210523163240, filename: iter_00000_step_00000_4_a.png
2021-05-23 16:33:07,679 INFO     test_ai_mod.carbon_dao.local_carbon_dao -- Getting build info: APP_ID: 29859d56-e89b-4fcb-996f-a105a2ff1d44, BUILD_ID: c06c2d60-ac4b-4c6d-8626-dc7c6a1d6939
2021-05-23 16:33:07,680 INFO     test_ai_mod.labeler.v1.crawls -- resolved to: /Users/bot/test_ai/apps/29859d56-e89b-4fcb-996f-a105a2ff1d44/builds/c06c2d60-ac4b-4c6d-8626-dc7c6a1d6939/crawls/20210523163240/elems/iter_00000_step_00000_4_a.png
2021-05-23 16:33:07,787 INFO     test_ai_mod.labeler.v1.crawls -- elem image requested, crawl: 20210523163240, filename: iter_00000_step_00000_12_a.png
2021-05-23 16:33:07,788 INFO     test_ai_mod.carbon_dao.local_carbon_dao -- Getting build info: APP_ID: 29859d56-e89b-4fcb-996f-a105a2ff1d44, BUILD_ID: c06c2d60-ac4b-4c6d-8626-dc7c6a1d6939
2021-05-23 16:33:07,790 INFO     test_ai_mod.labeler.v1.crawls -- resolved to: /Users/bot/test_ai/apps/29859d56-e89b-4fcb-996f-a105a2ff1d44/builds/c06c2d60-ac4b-4c6d-8626-dc7c6a1d6939/crawls/20210523163240/elems/iter_00000_step_00000_12_a.png
2021-05-23 16:33:07,874 INFO     test_ai_mod.labeler.v1.crawls -- elem image requested, crawl: 20210523163240, filename: iter_00000_step_00000_35_a.png
2021-05-23 16:33:07,893 INFO     test_ai_mod.carbon_dao.local_carbon_dao -- Getting build info: APP_ID: 29859d56-e89b-4fcb-996f-a105a2ff1d44, BUILD_ID: c06c2d60-ac4b-4c6d-8626-dc7c6a1d6939
2021-05-23 16:33:07,894 INFO     test_ai_mod.labeler.v1.crawls -- resolved to: /Users/bot/test_ai/apps/29859d56-e89b-4fcb-996f-a105a2ff1d44/builds/c06c2d60-ac4b-4c6d-8626-dc7c6a1d6939/crawls/20210523163240/elems/iter_00000_step_00000_35_a.png
2021-05-23 16:33:07,978 INFO     test_ai_mod.labeler.v1.crawls -- elem image requested, crawl: 20210523163240, filename: iter_00000_step_00000_16_a.png
2021-05-23 16:33:07,979 INFO     test_ai_mod.carbon_dao.local_carbon_dao -- Getting build info: APP_ID: 29859d56-e89b-4fcb-996f-a105a2ff1d44, BUILD_ID: c06c2d60-ac4b-4c6d-8626-dc7c6a1d6939
2021-05-23 16:33:07,982 INFO     test_ai_mod.labeler.v1.crawls -- resolved to: /Users/bot/test_ai/apps/29859d56-e89b-4fcb-996f-a105a2ff1d44/builds/c06c2d60-ac4b-4c6d-8626-dc7c6a1d6939/crawls/20210523163240/elems/iter_00000_step_00000_16_a.png
2021-05-23 16:33:07,989 INFO     test_ai_mod.labeler.v1.crawls -- elem image requested, crawl: 20210523163240, filename: iter_00000_step_00000_7_a.png
2021-05-23 16:33:07,994 INFO     test_ai_mod.carbon_dao.local_carbon_dao -- Getting build info: APP_ID: 29859d56-e89b-4fcb-996f-a105a2ff1d44, BUILD_ID: c06c2d60-ac4b-4c6d-8626-dc7c6a1d6939
2021-05-23 16:33:07,996 INFO     test_ai_mod.labeler.v1.crawls -- resolved to: /Users/bot/test_ai/apps/29859d56-e89b-4fcb-996f-a105a2ff1d44/builds/c06c2d60-ac4b-4c6d-8626-dc7c6a1d6939/crawls/20210523163240/elems/iter_00000_step_00000_7_a.png
2021-05-23 16:33:08,077 INFO     test_ai_mod.labeler.v1.crawls -- elem image requested, crawl: 20210523163240, filename: iter_00000_step_00000_33_a.png
2021-05-23 16:33:08,079 INFO     test_ai_mod.carbon_dao.local_carbon_dao -- Getting build info: APP_ID: 29859d56-e89b-4fcb-996f-a105a2ff1d44, BUILD_ID: c06c2d60-ac4b-4c6d-8626-dc7c6a1d6939
2021-05-23 16:33:08,081 INFO     test_ai_mod.labeler.v1.crawls -- resolved to: /Users/bot/test_ai/apps/29859d56-e89b-4fcb-996f-a105a2ff1d44/builds/c06c2d60-ac4b-4c6d-8626-dc7c6a1d6939/crawls/20210523163240/elems/iter_00000_step_00000_33_a.png
2021-05-23 16:33:08,172 INFO     test_ai_mod.labeler.v1.crawls -- elem image requested, crawl: 20210523163240, filename: iter_00000_step_00000_24_a.png
2021-05-23 16:33:08,173 INFO     test_ai_mod.carbon_dao.local_carbon_dao -- Getting build info: APP_ID: 29859d56-e89b-4fcb-996f-a105a2ff1d44, BUILD_ID: c06c2d60-ac4b-4c6d-8626-dc7c6a1d6939
2021-05-23 16:33:08,174 INFO     test_ai_mod.labeler.v1.crawls -- resolved to: /Users/bot/test_ai/apps/29859d56-e89b-4fcb-996f-a105a2ff1d44/builds/c06c2d60-ac4b-4c6d-8626-dc7c6a1d6939/crawls/20210523163240/elems/iter_00000_step_00000_24_a.png
2021-05-23 16:33:08,193 INFO     test_ai_mod.labeler.v1.crawls -- elem image requested, crawl: 20210523163240, filename: iter_00000_step_00000_screenshot.png
2021-05-23 16:33:08,194 INFO     test_ai_mod.carbon_dao.local_carbon_dao -- Getting build info: APP_ID: 29859d56-e89b-4fcb-996f-a105a2ff1d44, BUILD_ID: c06c2d60-ac4b-4c6d-8626-dc7c6a1d6939
2021-05-23 16:33:08,195 INFO     test_ai_mod.labeler.v1.crawls -- resolved to: /Users/bot/test_ai/apps/29859d56-e89b-4fcb-996f-a105a2ff1d44/builds/c06c2d60-ac4b-4c6d-8626-dc7c6a1d6939/crawls/20210523163240/screens/iter_00000_step_00000_screenshot.png
2021-05-23 16:33:08,220 INFO     test_ai_mod.labeler.v1.crawls -- elem image requested, crawl: 20210523163240, filename: iter_00000_step_00000_51_a.png
2021-05-23 16:33:08,221 INFO     test_ai_mod.carbon_dao.local_carbon_dao -- Getting build info: APP_ID: 29859d56-e89b-4fcb-996f-a105a2ff1d44, BUILD_ID: c06c2d60-ac4b-4c6d-8626-dc7c6a1d6939
2021-05-23 16:33:08,223 INFO     test_ai_mod.labeler.v1.crawls -- resolved to: /Users/bot/test_ai/apps/29859d56-e89b-4fcb-996f-a105a2ff1d44/builds/c06c2d60-ac4b-4c6d-8626-dc7c6a1d6939/crawls/20210523163240/elems/iter_00000_step_00000_51_a.png
2021-05-23 16:33:10,086 INFO     test_ai_mod.labeler.v1.crawls -- elem image requested, crawl: 20210523163240, filename: iter_00000_step_00000_54_img.png
2021-05-23 16:33:10,087 INFO     test_ai_mod.carbon_dao.local_carbon_dao -- Getting build info: APP_ID: 29859d56-e89b-4fcb-996f-a105a2ff1d44, BUILD_ID: c06c2d60-ac4b-4c6d-8626-dc7c6a1d6939
2021-05-23 16:33:10,088 INFO     test_ai_mod.labeler.v1.crawls -- resolved to: /Users/bot/test_ai/apps/29859d56-e89b-4fcb-996f-a105a2ff1d44/builds/c06c2d60-ac4b-4c6d-8626-dc7c6a1d6939/crawls/20210523163240/elems/iter_00000_step_00000_54_img.png
2021-05-23 16:33:19,938 INFO     test_ai_mod.carbon_explore.interactive -- Interactive explore -- status -- start
2021-05-23 16:33:19,939 INFO     test_ai_mod.carbon_explore.interactive -- Interactive explore -- status -- end
2021-05-23 16:33:23,680 INFO     test_ai_mod.carbon_dao.local_carbon_dao -- Getting build info: APP_ID: 29859d56-e89b-4fcb-996f-a105a2ff1d44, BUILD_ID: c06c2d60-ac4b-4c6d-8626-dc7c6a1d6939
2021-05-23 16:33:23,683 INFO     test_ai_mod.labeler.v1.crawls -- labels_info:{u'screens': {}, u'elems': {u'iter_00000_step_00000_26_a.png': [u'mnu_clubs']}}
2021-05-23 16:33:23,685 INFO     test_ai_mod.carbon_dao.local_carbon_dao -- Getting build info: APP_ID: 29859d56-e89b-4fcb-996f-a105a2ff1d44, BUILD_ID: master
2021-05-23 16:33:23,689 INFO     test_ai_mod.carbon_dao.master_crawl -- squashing crawl 20210523163240
2021-05-23 16:33:23,936 INFO     test_ai_mod.carbon_dao.master_crawl -- useful screens for crawl 20210523163240: [u'iter_00000_step_00000_screenshot.png']
2021-05-23 16:33:24,164 INFO     test_ai_mod.carbon_dao.local_carbon_dao -- Getting build info: APP_ID: 29859d56-e89b-4fcb-996f-a105a2ff1d44, BUILD_ID: c06c2d60-ac4b-4c6d-8626-dc7c6a1d6939
2021-05-23 16:33:24,309 INFO     test_ai_mod.carbon_dao.local_carbon_dao -- Getting build info: APP_ID: 29859d56-e89b-4fcb-996f-a105a2ff1d44, BUILD_ID: c06c2d60-ac4b-4c6d-8626-dc7c6a1d6939
2021-05-23 16:33:34,899 INFO     test_ai_mod.carbon_explore.interactive -- Interactive explore -- status -- start
2021-05-23 16:33:34,900 INFO     test_ai_mod.carbon_explore.interactive -- Interactive explore -- status -- end
2021-05-23 16:33:35,376 INFO     test_ai_mod.carbon_dao.local_carbon_dao -- Getting build info: APP_ID: 29859d56-e89b-4fcb-996f-a105a2ff1d44, BUILD_ID: c06c2d60-ac4b-4c6d-8626-dc7c6a1d6939
2021-05-23 16:33:35,378 INFO     test_ai_mod.labeler.v1.crawls -- labels_info:{u'screens': {}, u'elems': {u'iter_00000_step_00000_26_a.png': [u'mnu_clubs'], u'iter_00000_step_00000_7_a.png': [u'mnu_classes']}}
2021-05-23 16:33:35,379 INFO     test_ai_mod.carbon_dao.local_carbon_dao -- Getting build info: APP_ID: 29859d56-e89b-4fcb-996f-a105a2ff1d44, BUILD_ID: master
2021-05-23 16:33:35,381 INFO     test_ai_mod.carbon_dao.master_crawl -- squashing crawl 20210523163240
2021-05-23 16:33:35,830 INFO     test_ai_mod.carbon_dao.master_crawl -- useful screens for crawl 20210523163240: [u'iter_00000_step_00000_screenshot.png']
2021-05-23 16:33:36,050 INFO     test_ai_mod.carbon_dao.local_carbon_dao -- Getting build info: APP_ID: 29859d56-e89b-4fcb-996f-a105a2ff1d44, BUILD_ID: c06c2d60-ac4b-4c6d-8626-dc7c6a1d6939
2021-05-23 16:33:36,234 INFO     test_ai_mod.carbon_dao.local_carbon_dao -- Getting build info: APP_ID: 29859d56-e89b-4fcb-996f-a105a2ff1d44, BUILD_ID: c06c2d60-ac4b-4c6d-8626-dc7c6a1d6939
2021-05-23 16:33:38,965 INFO     test_ai_mod.labeler.v1.crawls -- elem image requested, crawl: 20210523163240, filename: iter_00000_step_00000_21_div.png
2021-05-23 16:33:38,966 INFO     test_ai_mod.carbon_dao.local_carbon_dao -- Getting build info: APP_ID: 29859d56-e89b-4fcb-996f-a105a2ff1d44, BUILD_ID: c06c2d60-ac4b-4c6d-8626-dc7c6a1d6939
2021-05-23 16:33:38,968 INFO     test_ai_mod.labeler.v1.crawls -- elem image requested, crawl: 20210523163240, filename: iter_00000_step_00000_52_div.png
2021-05-23 16:33:38,970 INFO     test_ai_mod.labeler.v1.crawls -- resolved to: /Users/bot/test_ai/apps/29859d56-e89b-4fcb-996f-a105a2ff1d44/builds/c06c2d60-ac4b-4c6d-8626-dc7c6a1d6939/crawls/20210523163240/elems/iter_00000_step_00000_21_div.png
2021-05-23 16:33:38,972 INFO     test_ai_mod.carbon_dao.local_carbon_dao -- Getting build info: APP_ID: 29859d56-e89b-4fcb-996f-a105a2ff1d44, BUILD_ID: c06c2d60-ac4b-4c6d-8626-dc7c6a1d6939
2021-05-23 16:33:38,975 INFO     test_ai_mod.labeler.v1.crawls -- resolved to: /Users/bot/test_ai/apps/29859d56-e89b-4fcb-996f-a105a2ff1d44/builds/c06c2d60-ac4b-4c6d-8626-dc7c6a1d6939/crawls/20210523163240/elems/iter_00000_step_00000_52_div.png
2021-05-23 16:33:49,895 INFO     test_ai_mod.carbon_explore.interactive -- Interactive explore -- status -- start
2021-05-23 16:33:49,896 INFO     test_ai_mod.carbon_explore.interactive -- Interactive explore -- status -- end
2021-05-23 16:33:51,426 INFO     test_ai_mod.carbon_dao.local_carbon_dao -- Getting build info: APP_ID: 29859d56-e89b-4fcb-996f-a105a2ff1d44, BUILD_ID: c06c2d60-ac4b-4c6d-8626-dc7c6a1d6939
2021-05-23 16:33:51,429 INFO     test_ai_mod.labeler.v1.crawls -- labels_info:{u'screens': {}, u'elems': {u'iter_00000_step_00000_48_a.png': [u'mnu_personal_training'], u'iter_00000_step_00000_26_a.png': [u'mnu_clubs'], u'iter_00000_step_00000_7_a.png': [u'mnu_classes']}}
2021-05-23 16:33:51,430 INFO     test_ai_mod.carbon_dao.local_carbon_dao -- Getting build info: APP_ID: 29859d56-e89b-4fcb-996f-a105a2ff1d44, BUILD_ID: master
2021-05-23 16:33:51,434 INFO     test_ai_mod.carbon_dao.master_crawl -- squashing crawl 20210523163240
2021-05-23 16:33:52,096 INFO     test_ai_mod.carbon_dao.master_crawl -- useful screens for crawl 20210523163240: [u'iter_00000_step_00000_screenshot.png']
2021-05-23 16:33:52,317 INFO     test_ai_mod.carbon_dao.local_carbon_dao -- Getting build info: APP_ID: 29859d56-e89b-4fcb-996f-a105a2ff1d44, BUILD_ID: c06c2d60-ac4b-4c6d-8626-dc7c6a1d6939
2021-05-23 16:33:52,448 INFO     test_ai_mod.carbon_dao.local_carbon_dao -- Getting build info: APP_ID: 29859d56-e89b-4fcb-996f-a105a2ff1d44, BUILD_ID: c06c2d60-ac4b-4c6d-8626-dc7c6a1d6939
2021-05-23 16:34:04,438 INFO     test_ai_mod.carbon_dao.local_carbon_dao -- Getting build info: APP_ID: 29859d56-e89b-4fcb-996f-a105a2ff1d44, BUILD_ID: c06c2d60-ac4b-4c6d-8626-dc7c6a1d6939
2021-05-23 16:34:04,440 INFO     test_ai_mod.labeler.v1.crawls -- labels_info:{u'screens': {}, u'elems': {u'iter_00000_step_00000_48_a.png': [u'mnu_personal_training'], u'iter_00000_step_00000_35_a.png': [u'mnu_shop'], u'iter_00000_step_00000_26_a.png': [u'mnu_clubs'], u'iter_00000_step_00000_7_a.png': [u'mnu_classes']}}
2021-05-23 16:34:04,441 INFO     test_ai_mod.carbon_dao.local_carbon_dao -- Getting build info: APP_ID: 29859d56-e89b-4fcb-996f-a105a2ff1d44, BUILD_ID: master
2021-05-23 16:34:04,444 INFO     test_ai_mod.carbon_dao.master_crawl -- squashing crawl 20210523163240
2021-05-23 16:34:04,882 INFO     test_ai_mod.carbon_explore.interactive -- Interactive explore -- status -- start
2021-05-23 16:34:04,882 INFO     test_ai_mod.carbon_explore.interactive -- Interactive explore -- status -- end
2021-05-23 16:34:05,307 INFO     test_ai_mod.carbon_dao.master_crawl -- useful screens for crawl 20210523163240: [u'iter_00000_step_00000_screenshot.png']
2021-05-23 16:34:05,529 INFO     test_ai_mod.carbon_dao.local_carbon_dao -- Getting build info: APP_ID: 29859d56-e89b-4fcb-996f-a105a2ff1d44, BUILD_ID: c06c2d60-ac4b-4c6d-8626-dc7c6a1d6939
2021-05-23 16:34:05,653 INFO     test_ai_mod.carbon_dao.local_carbon_dao -- Getting build info: APP_ID: 29859d56-e89b-4fcb-996f-a105a2ff1d44, BUILD_ID: c06c2d60-ac4b-4c6d-8626-dc7c6a1d6939
2021-05-23 16:34:13,259 INFO     test_ai_mod.carbon_dao.local_carbon_dao -- Getting build info: APP_ID: 29859d56-e89b-4fcb-996f-a105a2ff1d44, BUILD_ID: c06c2d60-ac4b-4c6d-8626-dc7c6a1d6939
2021-05-23 16:34:13,262 INFO     test_ai_mod.labeler.v1.crawls -- labels_info:{u'screens': {}, u'elems': {u'iter_00000_step_00000_34_a.png': [u'mnu_spa'], u'iter_00000_step_00000_35_a.png': [u'mnu_shop'], u'iter_00000_step_00000_26_a.png': [u'mnu_clubs'], u'iter_00000_step_00000_7_a.png': [u'mnu_classes'], u'iter_00000_step_00000_48_a.png': [u'mnu_personal_training']}}
2021-05-23 16:34:13,263 INFO     test_ai_mod.carbon_dao.local_carbon_dao -- Getting build info: APP_ID: 29859d56-e89b-4fcb-996f-a105a2ff1d44, BUILD_ID: master
2021-05-23 16:34:13,266 INFO     test_ai_mod.carbon_dao.master_crawl -- squashing crawl 20210523163240
2021-05-23 16:34:14,329 INFO     test_ai_mod.carbon_dao.master_crawl -- useful screens for crawl 20210523163240: [u'iter_00000_step_00000_screenshot.png']
2021-05-23 16:34:14,554 INFO     test_ai_mod.carbon_dao.local_carbon_dao -- Getting build info: APP_ID: 29859d56-e89b-4fcb-996f-a105a2ff1d44, BUILD_ID: c06c2d60-ac4b-4c6d-8626-dc7c6a1d6939
2021-05-23 16:34:14,726 INFO     test_ai_mod.carbon_dao.local_carbon_dao -- Getting build info: APP_ID: 29859d56-e89b-4fcb-996f-a105a2ff1d44, BUILD_ID: c06c2d60-ac4b-4c6d-8626-dc7c6a1d6939
2021-05-23 16:34:19,887 INFO     test_ai_mod.carbon_explore.interactive -- Interactive explore -- status -- start
2021-05-23 16:34:19,887 INFO     test_ai_mod.carbon_explore.interactive -- Interactive explore -- status -- end
2021-05-23 16:34:25,031 INFO     test_ai_mod.carbon_dao.local_carbon_dao -- Getting build info: APP_ID: 29859d56-e89b-4fcb-996f-a105a2ff1d44, BUILD_ID: c06c2d60-ac4b-4c6d-8626-dc7c6a1d6939
2021-05-23 16:34:25,033 INFO     test_ai_mod.labeler.v1.crawls -- labels_info:{u'screens': {}, u'elems': {u'iter_00000_step_00000_26_a.png': [u'mnu_clubs'], u'iter_00000_step_00000_7_a.png': [u'mnu_classes'], u'iter_00000_step_00000_35_a.png': [u'mnu_shop'], u'iter_00000_step_00000_12_a.png': [u'mnu_pilates'], u'iter_00000_step_00000_34_a.png': [u'mnu_spa'], u'iter_00000_step_00000_48_a.png': [u'mnu_personal_training']}}
2021-05-23 16:34:25,034 INFO     test_ai_mod.carbon_dao.local_carbon_dao -- Getting build info: APP_ID: 29859d56-e89b-4fcb-996f-a105a2ff1d44, BUILD_ID: master
2021-05-23 16:34:25,036 INFO     test_ai_mod.carbon_dao.master_crawl -- squashing crawl 20210523163240
2021-05-23 16:34:26,308 INFO     test_ai_mod.carbon_dao.master_crawl -- useful screens for crawl 20210523163240: [u'iter_00000_step_00000_screenshot.png']
2021-05-23 16:34:26,526 INFO     test_ai_mod.carbon_dao.local_carbon_dao -- Getting build info: APP_ID: 29859d56-e89b-4fcb-996f-a105a2ff1d44, BUILD_ID: c06c2d60-ac4b-4c6d-8626-dc7c6a1d6939
2021-05-23 16:34:26,682 INFO     test_ai_mod.carbon_dao.local_carbon_dao -- Getting build info: APP_ID: 29859d56-e89b-4fcb-996f-a105a2ff1d44, BUILD_ID: c06c2d60-ac4b-4c6d-8626-dc7c6a1d6939
2021-05-23 16:34:34,921 INFO     test_ai_mod.carbon_explore.interactive -- Interactive explore -- status -- start
2021-05-23 16:34:34,921 INFO     test_ai_mod.carbon_explore.interactive -- Interactive explore -- status -- end
2021-05-23 16:34:49,943 INFO     test_ai_mod.carbon_explore.interactive -- Interactive explore -- status -- start
2021-05-23 16:34:49,944 INFO     test_ai_mod.carbon_explore.interactive -- Interactive explore -- status -- end
2021-05-23 16:35:04,938 INFO     test_ai_mod.carbon_explore.interactive -- Interactive explore -- status -- start
2021-05-23 16:35:04,939 INFO     test_ai_mod.carbon_explore.interactive -- Interactive explore -- status -- end
2021-05-23 16:35:19,896 INFO     test_ai_mod.carbon_explore.interactive -- Interactive explore -- status -- start
2021-05-23 16:35:19,896 INFO     test_ai_mod.carbon_explore.interactive -- Interactive explore -- status -- end
2021-05-23 16:35:34,955 INFO     test_ai_mod.carbon_explore.interactive -- Interactive explore -- status -- start
2021-05-23 16:35:34,956 INFO     test_ai_mod.carbon_explore.interactive -- Interactive explore -- status -- end
2021-05-23 16:35:50,525 INFO     test_ai_mod.carbon_explore.interactive -- Interactive explore -- status -- start
2021-05-23 16:35:50,526 INFO     test_ai_mod.carbon_explore.interactive -- Interactive explore -- status -- end
2021-05-23 16:36:05,527 INFO     test_ai_mod.carbon_explore.interactive -- Interactive explore -- status -- start
2021-05-23 16:36:05,528 INFO     test_ai_mod.carbon_explore.interactive -- Interactive explore -- status -- end
2021-05-23 16:36:20,544 INFO     test_ai_mod.carbon_explore.interactive -- Interactive explore -- status -- start
2021-05-23 16:36:20,544 INFO     test_ai_mod.carbon_explore.interactive -- Interactive explore -- status -- end
2021-05-23 16:36:35,545 INFO     test_ai_mod.carbon_explore.interactive -- Interactive explore -- status -- start
2021-05-23 16:36:35,547 INFO     test_ai_mod.carbon_explore.interactive -- Interactive explore -- status -- end
2021-05-23 16:36:50,567 INFO     test_ai_mod.carbon_explore.interactive -- Interactive explore -- status -- start
2021-05-23 16:36:50,567 INFO     test_ai_mod.carbon_explore.interactive -- Interactive explore -- status -- end
2021-05-23 16:37:05,592 INFO     test_ai_mod.carbon_explore.interactive -- Interactive explore -- status -- start
2021-05-23 16:37:05,592 INFO     test_ai_mod.carbon_explore.interactive -- Interactive explore -- status -- end
2021-05-23 16:37:20,705 INFO     test_ai_mod.carbon_explore.interactive -- Interactive explore -- status -- start
2021-05-23 16:37:20,706 INFO     test_ai_mod.carbon_explore.interactive -- Interactive explore -- status -- end
2021-05-23 16:37:34,893 INFO     test_ai_mod.carbon_explore.interactive -- Interactive explore -- status -- start
2021-05-23 16:37:34,894 INFO     test_ai_mod.carbon_explore.interactive -- Interactive explore -- status -- end
2021-05-23 16:37:40,135 INFO     test_ai_mod.carbon_explore.interactive -- Interactive explore -- status -- start
2021-05-23 16:37:40,137 INFO     test_ai_mod.carbon_explore.interactive -- Interactive explore -- status -- end
2021-05-23 16:37:40,147 INFO     test_ai_mod.carbon_explore.interactive -- Interactive explore -- status -- start
2021-05-23 16:37:40,147 INFO     test_ai_mod.carbon_explore.interactive -- Interactive explore -- status -- end
2021-05-23 16:37:40,150 INFO     root -- Stopping interactive crawl.
2021-05-23 16:37:40,154 INFO     test_ai_mod.carbon_explore.interactive -- Interactive explore -- stop -- start
2021-05-23 16:37:40,154 INFO     test_ai_mod.carbon_explore.interactive -- Interactive explore -- stop -- stop
2021-05-23 16:37:40,674 INFO     test_ai_mod.carbon_explore.explore_hook -- Explore hook -- apply_deferred_runtime_labels starting.
2021-05-23 16:37:40,674 INFO     test_ai_mod.carbon_explore.explore_hook -- Explore hook -- apply_deferred_runtime_labels completed.
2021-05-23 16:37:40,675 INFO     test_ai_mod.carbon_explore.interactive -- Interactive explore -- start_interactive_loop completed.
2021-05-23 16:37:40,678 INFO     test_ai_mod.carbon_explore.explore -- performing post-walk cleanup
2021-05-23 16:37:40,679 INFO     test_ai_mod.carbon_utils.simulator_tools -- performing post-test cleanup
2021-05-23 16:37:40,679 INFO     test_ai_mod.carbon_utils.simulator_tools -- calling driver.quit
2021-05-23 16:37:40,804 INFO     test_ai_mod.carbon_explore.explore -- iteration completed: 0
2021-05-23 16:37:40,805 INFO     test_ai_mod.carbon_tasks.crawl_build_task -- walk: 1 - succeeded
2021-05-23 16:37:40,805 INFO     test_ai_mod.carbon_tasks.crawl_build_task -- Handling crawl stop request.
2021-05-23 16:37:40,808 INFO     test_ai_mod.carbon_dao.local_carbon_dao -- Getting build info: APP_ID: 29859d56-e89b-4fcb-996f-a105a2ff1d44, BUILD_ID: c06c2d60-ac4b-4c6d-8626-dc7c6a1d6939
2021-05-23 16:37:40,809 INFO     test_ai_mod.carbon_dao.local_carbon_dao -- Getting build info: APP_ID: 29859d56-e89b-4fcb-996f-a105a2ff1d44, BUILD_ID: c06c2d60-ac4b-4c6d-8626-dc7c6a1d6939
2021-05-23 16:37:40,812 INFO     test_ai_mod.carbon_dao.local_carbon_dao -- Getting build info: APP_ID: 29859d56-e89b-4fcb-996f-a105a2ff1d44, BUILD_ID: c06c2d60-ac4b-4c6d-8626-dc7c6a1d6939
2021-05-23 16:37:40,813 INFO     test_ai_mod.carbon_tasks.process_crawl_task -- processing crawl: 20210523163240 (app: 29859d56-e89b-4fcb-996f-a105a2ff1d44, build: c06c2d60-ac4b-4c6d-8626-dc7c6a1d6939)
2021-05-23 16:37:40,813 INFO     test_ai_mod.carbon_tasks.process_crawl_task -- processing screens for crawl
2021-05-23 16:37:41,079 INFO     test_ai_mod.carbon_tasks.process_crawl_task -- writing unique screens file
2021-05-23 16:37:41,080 INFO     test_ai_mod.carbon_tasks.process_crawl_task -- writing screen hash map
2021-05-23 16:37:41,082 INFO     test_ai_mod.carbon_tasks.process_crawl_task -- writing screen similarity file
2021-05-23 16:37:41,082 INFO     test_ai_mod.carbon_tasks.process_crawl_task -- processing elements for crawl
2021-05-23 16:37:41,084 INFO     test_ai_mod.carbon_tasks.process_crawl_task -- skipping already processed: iter_00000_step_00000_info.json
2021-05-23 16:37:41,236 INFO     test_ai_mod.carbon_tasks.process_crawl_task -- Writing unique tags file.
2021-05-23 16:37:41,237 INFO     test_ai_mod.carbon_tasks.process_crawl_task -- writing unique elems file
2021-05-23 16:37:41,237 INFO     test_ai_mod.carbon_tasks.process_crawl_task -- writing elem hash map
2021-05-23 16:37:41,242 INFO     test_ai_mod.carbon_tasks.process_crawl_task -- writing elem similarity file
2021-05-23 16:37:41,243 INFO     test_ai_mod.carbon_tasks.process_crawl_task -- generating and saving feature data for crawl
2021-05-23 16:37:41,243 INFO     test_ai_mod.carbon_tasks.generate_feature_data_task -- generating feature data for crawl: 20210523163240, app_id: 29859d56-e89b-4fcb-996f-a105a2ff1d44, build_id: c06c2d60-ac4b-4c6d-8626-dc7c6a1d6939
2021-05-23 16:37:41,245 INFO     test_ai_mod.carbon_tasks.generate_feature_data_task -- generating screen feature data
2021-05-23 16:37:41,815 INFO     test_ai_mod.carbon_tasks.generate_feature_data_task -- saving screen feature data
2021-05-23 16:37:41,816 INFO     test_ai_mod.carbon_tasks.process_crawl_task -- generating labeler objects file for crawl (v0)
2021-05-23 16:37:41,824 INFO     test_ai_mod.carbon_tasks.process_crawl_task -- reconciling screens labeled at runtime
2021-05-23 16:37:41,824 INFO     test_ai_mod.carbon_tasks.process_crawl_task -- reconciling elements labeled at runtime
2021-05-23 16:37:41,829 INFO     test_ai_mod.carbon_dao.local_carbon_dao -- Getting build info: APP_ID: 29859d56-e89b-4fcb-996f-a105a2ff1d44, BUILD_ID: master
2021-05-23 16:37:41,830 INFO     test_ai_mod.carbon_dao.master_crawl -- squashing crawl 20210523163240
2021-05-23 16:37:43,060 INFO     test_ai_mod.carbon_dao.master_crawl -- useful screens for crawl 20210523163240: [u'iter_00000_step_00000_screenshot.png']
2021-05-23 16:37:43,281 INFO     test_ai_mod.carbon_tasks.generate_auto_labels_task -- generating auto labels for crawl: 20210523163240, app_id: 29859d56-e89b-4fcb-996f-a105a2ff1d44, build_id: c06c2d60-ac4b-4c6d-8626-dc7c6a1d6939
2021-05-23 16:37:43,281 INFO     test_ai_mod.carbon_dao.local_carbon_dao -- Getting build info: APP_ID: 29859d56-e89b-4fcb-996f-a105a2ff1d44, BUILD_ID: c06c2d60-ac4b-4c6d-8626-dc7c6a1d6939
2021-05-23 16:37:43,282 INFO     test_ai_mod.carbon_dao.local_carbon_dao -- Getting build info: APP_ID: 29859d56-e89b-4fcb-996f-a105a2ff1d44, BUILD_ID: c06c2d60-ac4b-4c6d-8626-dc7c6a1d6939
2021-05-23 16:37:43,283 INFO     test_ai_mod.carbon_dao.local_carbon_dao -- Getting build info: APP_ID: 29859d56-e89b-4fcb-996f-a105a2ff1d44, BUILD_ID: c06c2d60-ac4b-4c6d-8626-dc7c6a1d6939
2021-05-23 16:37:43,283 INFO     test_ai_mod.carbon_dao.local_carbon_dao -- Getting build info: APP_ID: 29859d56-e89b-4fcb-996f-a105a2ff1d44, BUILD_ID: master
2021-05-23 16:37:43,283 INFO     test_ai_mod.carbon_tasks.generate_auto_labels_task -- getting data for crawl: 20210523154310
2021-05-23 16:37:43,284 INFO     test_ai_mod.carbon_tasks.generate_auto_labels_task -- getting data for crawl: 20210523163240
2021-05-23 16:37:43,285 INFO     test_ai_mod.carbon_tasks.generate_auto_labels_task -- getting data for crawl: master
2021-05-23 16:37:43,286 INFO     test_ai_mod.carbon_tasks.generate_auto_labels_task -- processing crawl: 20210523154310
2021-05-23 16:37:43,287 INFO     test_ai_mod.carbon_tasks.generate_auto_labels_task -- processing crawl: 20210523163240
2021-05-23 16:37:43,287 INFO     test_ai_mod.carbon_tasks.generate_auto_labels_task -- processing crawl: master
2021-05-23 16:37:43,301 INFO     test_ai_mod.carbon_tasks.generate_auto_labels_task -- writing merged, suggested labels for crawl: 20210523163240
2021-05-23 16:37:43,302 INFO     test_ai_mod.carbon_tasks.generate_auto_labels_task -- writing merged, suggested labels for crawl: master
2021-05-23 16:37:43,303 INFO     test_ai_mod.carbon_tasks.generate_auto_labels_task -- writing merged, suggested labels for crawl: 20210523154310
2021-05-23 16:37:43,305 INFO     test_ai_mod.carbon_tasks.generate_auto_labels_task -- writing applied hashes to labels to file: /Users/bot/test_ai/apps/29859d56-e89b-4fcb-996f-a105a2ff1d44/lkg/hashes_to_labels.json
2021-05-23 16:37:43,305 INFO     test_ai_mod.carbon_tasks.generate_auto_labels_task -- writing applied human readable to labels to file: /Users/bot/test_ai/apps/29859d56-e89b-4fcb-996f-a105a2ff1d44/lkg/human_readable_to_labels.json
2021-05-23 16:37:43,306 INFO     test_ai_mod.carbon_tasks.generate_auto_labels_task -- writing label to hash dicts to file: /Users/bot/test_ai/apps/29859d56-e89b-4fcb-996f-a105a2ff1d44/lkg/label_to_hash_dicts.json
2021-05-23 16:37:43,306 INFO     test_ai_mod.carbon_tasks.generate_auto_labels_task -- writing human readable to paths to file: /Users/bot/test_ai/apps/29859d56-e89b-4fcb-996f-a105a2ff1d44/lkg/human_readable_to_paths.json
2021-05-23 16:37:43,306 INFO     test_ai_mod.carbon_classifiers.label_classifier_pipe -- Begin loading configured modules
2021-05-23 16:37:43,306 INFO     test_ai_mod.carbon_classifiers.carbon_classifier_v1.screen_classifier -- Loading ScreenClassifier
2021-05-23 16:37:43,306 INFO     test_ai_mod.carbon_classifiers.template_matching.app_specific_template_matcher -- Loading AppSpecificTemplateMatcher
2021-05-23 16:37:43,306 INFO     test_ai_mod.carbon_classifiers.perceptual.nn_classifier -- Loading NNClassifier
2021-05-23 16:37:43,306 INFO     test_ai_mod.carbon_classifiers.template_matching.template_matching_classifier -- Loading TemplateMatchingClassifier
2021-05-23 16:37:43,307 WARNING  test_ai_mod.carbon_classifiers.template_matching.template_matching_classifier -- No template director exists at /Users/bot/test_ai/templates
2021-05-23 16:37:43,307 INFO     test_ai_mod.carbon_classifiers.http_classifier.http_classifier -- Loaded Http Classifier for ""
2021-05-23 16:37:43,307 INFO     test_ai_mod.carbon_tasks.generate_auto_labels_task -- classifying 1 unique screens
2021-05-23 16:37:43,307 INFO     test_ai_mod.carbon_dao.carbon_data -- loading models from LKG dir
2021-05-23 16:37:43,307 INFO     test_ai_mod.carbon_dao.carbon_data -- loading models from LKG dir
2021-05-23 16:37:43,319 INFO     test_ai_mod.carbon_classifiers.label_classifier_pipe -- Begin labeling elements
2021-05-23 16:37:43,334 INFO     test_ai_mod.carbon_classifiers.template_matching.app_specific_template_matcher -- Classifying screen with AppSpecificTemplateMatcher
2021-05-23 16:37:43,334 INFO     test_ai_mod.carbon_classifiers.perceptual.nn_classifier -- Classifying screen with NNClassifier
2021-05-23 16:37:43,416 INFO     test_ai_mod.carbon_classifiers.label_classifier_pipe -- End labeling elements: Time taken 0.097146987915 seconds
2021-05-23 16:37:43,418 INFO     test_ai_mod.carbon_tasks.generate_auto_labels_task -- classifying 57 unique elems
2021-05-23 16:37:43,421 INFO     test_ai_mod.carbon_dao.carbon_data -- loading models from LKG dir
2021-05-23 16:37:43,421 INFO     test_ai_mod.carbon_dao.carbon_data -- loading models from LKG dir
2021-05-23 16:37:43,421 INFO     test_ai_mod.carbon_classifiers.label_classifier_pipe -- Begin labeling elements
2021-05-23 16:37:43,437 INFO     test_ai_mod.carbon_classifiers.template_matching.app_specific_template_matcher -- Classifying screen with AppSpecificTemplateMatcher
2021-05-23 16:37:43,437 INFO     test_ai_mod.carbon_classifiers.perceptual.nn_classifier -- Classifying screen with NNClassifier
2021-05-23 16:37:43,566 INFO     test_ai_mod.carbon_classifiers.perceptual.nn_classifier -- elem classified: mnu_clubs, score: 1.0
2021-05-23 16:37:43,567 INFO     test_ai_mod.carbon_classifiers.perceptual.nn_classifier -- elem classified: lnk_locations, score: 1.0
2021-05-23 16:37:43,567 INFO     test_ai_mod.carbon_classifiers.perceptual.nn_classifier -- elem classified: mnu_personal_training, score: 1.0
2021-05-23 16:37:43,567 INFO     test_ai_mod.carbon_classifiers.perceptual.nn_classifier -- elem classified: mnu_classes, score: 1.0
2021-05-23 16:37:43,568 INFO     test_ai_mod.carbon_classifiers.perceptual.nn_classifier -- elem classified: mnu_pilates, score: 1.0
2021-05-23 16:37:43,568 INFO     test_ai_mod.carbon_classifiers.perceptual.nn_classifier -- elem classified: mnu_shop, score: 1.0
2021-05-23 16:37:43,569 INFO     test_ai_mod.carbon_classifiers.perceptual.nn_classifier -- elem classified: mnu_spa, score: 1.0
2021-05-23 16:37:43,569 INFO     test_ai_mod.carbon_classifiers.perceptual.nn_classifier -- elem classified: btn_chat_with_us, score: 1.0
2021-05-23 16:37:43,584 INFO     test_ai_mod.carbon_classifiers.label_classifier_pipe -- End labeling elements: Time taken 0.162794113159 seconds
2021-05-23 16:37:43,585 INFO     test_ai_mod.carbon_tasks.generate_auto_labels_task -- writing merged, suggested labels for crawl: 20210523163240
2021-05-23 16:37:43,586 INFO     test_ai_mod.carbon_controllers.crawls -- Removing threaded log file handler for crawl.
